{"/home/travis/build/npmtest/node-npmtest-victory/test.js":{"path":"/home/travis/build/npmtest/node-npmtest-victory/test.js","s":{"1":2,"2":2,"3":2,"4":2,"5":2,"6":2,"7":2,"8":1,"9":2,"10":2,"11":1,"12":1,"13":1,"14":1,"15":2,"16":2,"17":2,"18":2,"19":1,"20":1,"21":2,"22":2,"23":2,"24":1,"25":1,"26":1,"27":1,"28":1,"29":1,"30":1,"31":1,"32":1,"33":1,"34":1,"35":1,"36":1,"37":1,"38":1,"39":2,"40":2,"41":1,"42":2,"43":2,"44":1,"45":2,"46":2,"47":1,"48":2,"49":2,"50":1,"51":1,"52":1,"53":1,"54":1},"b":{"1":[2,1,1,1],"2":[1,1,1,1],"3":[1,1],"4":[1,1],"5":[1,1],"6":[1,1],"7":[1,1],"8":[1,1],"9":[1,1],"10":[1,1,1],"11":[1,1],"12":[1,1],"13":[1,1],"14":[1,1],"15":[1,1],"16":[1,1],"17":[1,1]},"f":{"1":2,"2":2,"3":2,"4":2,"5":2,"6":1,"7":1,"8":1,"9":2,"10":2,"11":2,"12":2,"13":1},"fnMap":{"1":{"name":"(anonymous_1)","line":12,"loc":{"start":{"line":12,"column":1},"end":{"line":12,"column":13}}},"2":{"name":"(anonymous_2)","line":19,"loc":{"start":{"line":19,"column":5},"end":{"line":19,"column":17}}},"3":{"name":"(anonymous_3)","line":23,"loc":{"start":{"line":23,"column":24},"end":{"line":23,"column":36}}},"4":{"name":"(anonymous_4)","line":61,"loc":{"start":{"line":61,"column":5},"end":{"line":61,"column":17}}},"5":{"name":"(anonymous_5)","line":82,"loc":{"start":{"line":82,"column":5},"end":{"line":82,"column":17}}},"6":{"name":"(anonymous_6)","line":91,"loc":{"start":{"line":91,"column":77},"end":{"line":94,"column":10}}},"7":{"name":"(anonymous_7)","line":112,"loc":{"start":{"line":112,"column":83},"end":{"line":115,"column":10}},"skip":true},"8":{"name":"(anonymous_8)","line":123,"loc":{"start":{"line":123,"column":77},"end":{"line":126,"column":10}},"skip":true},"9":{"name":"(anonymous_9)","line":139,"loc":{"start":{"line":139,"column":12},"end":{"line":139,"column":40}},"skip":true},"10":{"name":"(anonymous_10)","line":147,"loc":{"start":{"line":147,"column":77},"end":{"line":150,"column":10}},"skip":true},"11":{"name":"(anonymous_11)","line":158,"loc":{"start":{"line":158,"column":83},"end":{"line":161,"column":10}},"skip":true},"12":{"name":"(anonymous_12)","line":169,"loc":{"start":{"line":169,"column":79},"end":{"line":172,"column":10}},"skip":true},"13":{"name":"(anonymous_13)","line":180,"loc":{"start":{"line":180,"column":75},"end":{"line":183,"column":10}},"skip":true}},"statementMap":{"1":{"start":{"line":12,"column":0},"end":{"line":195,"column":5}},"2":{"start":{"line":14,"column":4},"end":{"line":14,"column":14}},"3":{"start":{"line":19,"column":4},"end":{"line":56,"column":9}},"4":{"start":{"line":21,"column":8},"end":{"line":21,"column":19}},"5":{"start":{"line":23,"column":8},"end":{"line":35,"column":13}},"6":{"start":{"line":24,"column":12},"end":{"line":34,"column":13}},"7":{"start":{"line":25,"column":16},"end":{"line":28,"column":30}},"8":{"start":{"line":30,"column":16},"end":{"line":33,"column":27}},"9":{"start":{"line":37,"column":8},"end":{"line":39,"column":21}},"10":{"start":{"line":40,"column":8},"end":{"line":53,"column":9}},"11":{"start":{"line":43,"column":12},"end":{"line":46,"column":14}},"12":{"start":{"line":47,"column":12},"end":{"line":47,"column":18}},"13":{"start":{"line":50,"column":12},"end":{"line":51,"column":33}},"14":{"start":{"line":52,"column":12},"end":{"line":52,"column":18}},"15":{"start":{"line":55,"column":8},"end":{"line":55,"column":35}},"16":{"start":{"line":61,"column":4},"end":{"line":63,"column":9}},"17":{"start":{"line":62,"column":8},"end":{"line":62,"column":15}},"18":{"start":{"line":64,"column":4},"end":{"line":77,"column":5}},"19":{"start":{"line":70,"column":8},"end":{"line":70,"column":14}},"20":{"start":{"line":76,"column":8},"end":{"line":76,"column":14}},"21":{"start":{"line":82,"column":4},"end":{"line":84,"column":9}},"22":{"start":{"line":83,"column":8},"end":{"line":83,"column":15}},"23":{"start":{"line":85,"column":4},"end":{"line":194,"column":5}},"24":{"start":{"line":91,"column":8},"end":{"line":99,"column":10}},"25":{"start":{"line":98,"column":12},"end":{"line":98,"column":35}},"26":{"start":{"line":102,"column":8},"end":{"line":104,"column":63}},"27":{"start":{"line":105,"column":8},"end":{"line":105,"column":14}},"28":{"start":{"line":112,"column":8},"end":{"line":121,"column":10},"skip":true},"29":{"start":{"line":119,"column":12},"end":{"line":119,"column":55},"skip":true},"30":{"start":{"line":120,"column":12},"end":{"line":120,"column":48},"skip":true},"31":{"start":{"line":123,"column":8},"end":{"line":136,"column":10},"skip":true},"32":{"start":{"line":130,"column":12},"end":{"line":130,"column":76},"skip":true},"33":{"start":{"line":131,"column":12},"end":{"line":131,"column":73},"skip":true},"34":{"start":{"line":132,"column":12},"end":{"line":132,"column":74},"skip":true},"35":{"start":{"line":133,"column":12},"end":{"line":133,"column":79},"skip":true},"36":{"start":{"line":134,"column":12},"end":{"line":134,"column":25},"skip":true},"37":{"start":{"line":135,"column":12},"end":{"line":135,"column":45},"skip":true},"38":{"start":{"line":138,"column":8},"end":{"line":145,"column":14},"skip":true},"39":{"start":{"line":143,"column":16},"end":{"line":143,"column":29},"skip":true},"40":{"start":{"line":144,"column":16},"end":{"line":144,"column":55},"skip":true},"41":{"start":{"line":147,"column":8},"end":{"line":156,"column":10},"skip":true},"42":{"start":{"line":154,"column":12},"end":{"line":154,"column":25},"skip":true},"43":{"start":{"line":155,"column":12},"end":{"line":155,"column":45},"skip":true},"44":{"start":{"line":158,"column":8},"end":{"line":167,"column":10},"skip":true},"45":{"start":{"line":165,"column":12},"end":{"line":165,"column":25},"skip":true},"46":{"start":{"line":166,"column":12},"end":{"line":166,"column":48},"skip":true},"47":{"start":{"line":169,"column":8},"end":{"line":178,"column":10},"skip":true},"48":{"start":{"line":176,"column":12},"end":{"line":176,"column":25},"skip":true},"49":{"start":{"line":177,"column":12},"end":{"line":177,"column":46},"skip":true},"50":{"start":{"line":180,"column":8},"end":{"line":189,"column":10},"skip":true},"51":{"start":{"line":187,"column":12},"end":{"line":187,"column":94},"skip":true},"52":{"start":{"line":188,"column":12},"end":{"line":188,"column":48},"skip":true},"53":{"start":{"line":192,"column":8},"end":{"line":192,"column":35},"skip":true},"54":{"start":{"line":193,"column":8},"end":{"line":193,"column":14},"skip":true}},"branchMap":{"1":{"line":25,"type":"binary-expr","locations":[{"start":{"line":25,"column":23},"end":{"line":25,"column":62}},{"start":{"line":26,"column":20},"end":{"line":26,"column":70}},{"start":{"line":27,"column":20},"end":{"line":27,"column":71}},{"start":{"line":28,"column":20},"end":{"line":28,"column":29}}]},"2":{"line":30,"type":"binary-expr","locations":[{"start":{"line":30,"column":23},"end":{"line":30,"column":37}},{"start":{"line":31,"column":20},"end":{"line":31,"column":61}},{"start":{"line":32,"column":20},"end":{"line":32,"column":70}},{"start":{"line":33,"column":20},"end":{"line":33,"column":26}}]},"3":{"line":37,"type":"cond-expr","locations":[{"start":{"line":38,"column":14},"end":{"line":38,"column":20}},{"start":{"line":39,"column":14},"end":{"line":39,"column":20}}]},"4":{"line":40,"type":"switch","locations":[{"start":{"line":42,"column":8},"end":{"line":47,"column":18}},{"start":{"line":49,"column":8},"end":{"line":52,"column":18}}]},"5":{"line":44,"type":"binary-expr","locations":[{"start":{"line":44,"column":16},"end":{"line":44,"column":44}},{"start":{"line":44,"column":48},"end":{"line":44,"column":66}}]},"6":{"line":50,"type":"binary-expr","locations":[{"start":{"line":50,"column":21},"end":{"line":50,"column":49}},{"start":{"line":50,"column":53},"end":{"line":50,"column":72}}]},"7":{"line":64,"type":"switch","locations":[{"start":{"line":69,"column":4},"end":{"line":70,"column":14}},{"start":{"line":75,"column":4},"end":{"line":76,"column":14}}]},"8":{"line":85,"type":"switch","locations":[{"start":{"line":90,"column":4},"end":{"line":105,"column":14}},{"start":{"line":111,"column":4},"end":{"line":193,"column":14},"skip":true}]},"9":{"line":91,"type":"binary-expr","locations":[{"start":{"line":91,"column":42},"end":{"line":91,"column":73}},{"start":{"line":91,"column":77},"end":{"line":99,"column":9}}]},"10":{"line":102,"type":"binary-expr","locations":[{"start":{"line":102,"column":18},"end":{"line":102,"column":32}},{"start":{"line":103,"column":12},"end":{"line":103,"column":53}},{"start":{"line":104,"column":12},"end":{"line":104,"column":61}}]},"11":{"line":112,"type":"binary-expr","locations":[{"start":{"line":112,"column":45},"end":{"line":112,"column":79},"skip":true},{"start":{"line":112,"column":83},"end":{"line":121,"column":9},"skip":true}]},"12":{"line":123,"type":"binary-expr","locations":[{"start":{"line":123,"column":42},"end":{"line":123,"column":73},"skip":true},{"start":{"line":123,"column":77},"end":{"line":136,"column":9},"skip":true}]},"13":{"line":138,"type":"binary-expr","locations":[{"start":{"line":138,"column":48},"end":{"line":138,"column":85},"skip":true},{"start":{"line":139,"column":12},"end":{"line":145,"column":13},"skip":true}]},"14":{"line":147,"type":"binary-expr","locations":[{"start":{"line":147,"column":42},"end":{"line":147,"column":73},"skip":true},{"start":{"line":147,"column":77},"end":{"line":156,"column":9},"skip":true}]},"15":{"line":158,"type":"binary-expr","locations":[{"start":{"line":158,"column":45},"end":{"line":158,"column":79},"skip":true},{"start":{"line":158,"column":83},"end":{"line":167,"column":9},"skip":true}]},"16":{"line":169,"type":"binary-expr","locations":[{"start":{"line":169,"column":43},"end":{"line":169,"column":75},"skip":true},{"start":{"line":169,"column":79},"end":{"line":178,"column":9},"skip":true}]},"17":{"line":180,"type":"binary-expr","locations":[{"start":{"line":180,"column":41},"end":{"line":180,"column":71},"skip":true},{"start":{"line":180,"column":75},"end":{"line":189,"column":9},"skip":true}]}},"code":["/* istanbul instrument in package npmtest_victory */","/*jslint","    bitwise: true,","    browser: true,","    maxerr: 8,","    maxlen: 96,","    node: true,","    nomen: true,","    regexp: true,","    stupid: true","*/","(function () {","    'use strict';","    var local;","","","","    // run shared js-env code - pre-init","    (function () {","        // init local","        local = {};","        // init modeJs","        local.modeJs = (function () {","            try {","                return typeof navigator.userAgent === 'string' &&","                    typeof document.querySelector('body') === 'object' &&","                    typeof XMLHttpRequest.prototype.open === 'function' &&","                    'browser';","            } catch (errorCaughtBrowser) {","                return module.exports &&","                    typeof process.versions.node === 'string' &&","                    typeof require('http').createServer === 'function' &&","                    'node';","            }","        }());","        // init global","        local.global = local.modeJs === 'browser'","            ? window","            : global;","        switch (local.modeJs) {","        // re-init local from window.local","        case 'browser':","            local = local.global.utility2.objectSetDefault(","                local.global.utility2_rollup || local.global.local,","                local.global.utility2","            );","            break;","        // re-init local from example.js","        case 'node':","            local = (local.global.utility2_rollup || require('utility2'))","                .requireReadme();","            break;","        }","        // export local","        local.global.local = local;","    }());","","","","    // run shared js-env code - function","    (function () {","        return;","    }());","    switch (local.modeJs) {","","","","    // run browser js-env code - function","    case 'browser':","        break;","","","","    // run node js-env code - function","    case 'node':","        break;","    }","","","","    // run shared js-env code - post-init","    (function () {","        return;","    }());","    switch (local.modeJs) {","","","","    // run browser js-env code - post-init","    case 'browser':","        local.testCase_browser_nullCase = local.testCase_browser_nullCase || function (","            options,","            onError","        ) {","        /*","         * this function will test browsers's null-case handling-behavior-behavior","         */","            onError(null, options);","        };","","        // run tests","        local.nop(local.modeTest &&","            document.querySelector('#testRunButton1') &&","            document.querySelector('#testRunButton1').click());","        break;","","","","    // run node js-env code - post-init","    /* istanbul ignore next */","    case 'node':","        local.testCase_buildApidoc_default = local.testCase_buildApidoc_default || function (","            options,","            onError","        ) {","        /*","         * this function will test buildApidoc's default handling-behavior-behavior","         */","            options = { modulePathList: module.paths };","            local.buildApidoc(options, onError);","        };","","        local.testCase_buildApp_default = local.testCase_buildApp_default || function (","            options,","            onError","        ) {","        /*","         * this function will test buildApp's default handling-behavior-behavior","         */","            local.testCase_buildReadme_default(options, local.onErrorThrow);","            local.testCase_buildLib_default(options, local.onErrorThrow);","            local.testCase_buildTest_default(options, local.onErrorThrow);","            local.testCase_buildCustomOrg_default(options, local.onErrorThrow);","            options = [];","            local.buildApp(options, onError);","        };","","        local.testCase_buildCustomOrg_default = local.testCase_buildCustomOrg_default ||","            function (options, onError) {","            /*","             * this function will test buildCustomOrg's default handling-behavior","             */","                options = {};","                local.buildCustomOrg(options, onError);","            };","","        local.testCase_buildLib_default = local.testCase_buildLib_default || function (","            options,","            onError","        ) {","        /*","         * this function will test buildLib's default handling-behavior","         */","            options = {};","            local.buildLib(options, onError);","        };","","        local.testCase_buildReadme_default = local.testCase_buildReadme_default || function (","            options,","            onError","        ) {","        /*","         * this function will test buildReadme's default handling-behavior-behavior","         */","            options = {};","            local.buildReadme(options, onError);","        };","","        local.testCase_buildTest_default = local.testCase_buildTest_default || function (","            options,","            onError","        ) {","        /*","         * this function will test buildTest's default handling-behavior","         */","            options = {};","            local.buildTest(options, onError);","        };","","        local.testCase_webpage_default = local.testCase_webpage_default || function (","            options,","            onError","        ) {","        /*","         * this function will test webpage's default handling-behavior","         */","            options = { modeCoverageMerge: true, url: local.serverLocalHost + '?modeTest=1' };","            local.browserTest(options, onError);","        };","","        // run test-server","        local.testRunServer(local);","        break;","    }","}());",""],"l":{"12":2,"14":2,"19":2,"21":2,"23":2,"24":2,"25":2,"30":1,"37":2,"40":2,"43":1,"47":1,"50":1,"52":1,"55":2,"61":2,"62":2,"64":2,"70":1,"76":1,"82":2,"83":2,"85":2,"91":1,"98":1,"102":1,"105":1,"112":1,"119":1,"120":1,"123":1,"130":1,"131":1,"132":1,"133":1,"134":1,"135":1,"138":1,"143":2,"144":2,"147":1,"154":2,"155":2,"158":1,"165":2,"166":2,"169":1,"176":2,"177":2,"180":1,"187":1,"188":1,"192":1,"193":1}},"/home/travis/build/npmtest/node-npmtest-victory/lib.npmtest_victory.js":{"path":"/home/travis/build/npmtest/node-npmtest-victory/lib.npmtest_victory.js","s":{"1":2,"2":2,"3":2,"4":2,"5":2,"6":2,"7":2,"8":1,"9":2,"10":2,"11":2,"12":2,"13":1,"14":1,"15":1,"16":1},"b":{"1":[2,1,1,1],"2":[1,1,1,1],"3":[1,1],"4":[2,2],"5":[1,1]},"f":{"1":2,"2":2,"3":2},"fnMap":{"1":{"name":"(anonymous_1)","line":12,"loc":{"start":{"line":12,"column":1},"end":{"line":12,"column":13}}},"2":{"name":"(anonymous_2)","line":19,"loc":{"start":{"line":19,"column":5},"end":{"line":19,"column":17}}},"3":{"name":"(anonymous_3)","line":23,"loc":{"start":{"line":23,"column":24},"end":{"line":23,"column":36}}}},"statementMap":{"1":{"start":{"line":12,"column":0},"end":{"line":53,"column":5}},"2":{"start":{"line":14,"column":4},"end":{"line":14,"column":14}},"3":{"start":{"line":19,"column":4},"end":{"line":52,"column":9}},"4":{"start":{"line":21,"column":8},"end":{"line":21,"column":19}},"5":{"start":{"line":23,"column":8},"end":{"line":35,"column":13}},"6":{"start":{"line":24,"column":12},"end":{"line":34,"column":13}},"7":{"start":{"line":25,"column":16},"end":{"line":28,"column":30}},"8":{"start":{"line":30,"column":16},"end":{"line":33,"column":27}},"9":{"start":{"line":37,"column":8},"end":{"line":39,"column":21}},"10":{"start":{"line":41,"column":8},"end":{"line":41,"column":54}},"11":{"start":{"line":43,"column":8},"end":{"line":43,"column":52}},"12":{"start":{"line":45,"column":8},"end":{"line":51,"column":9}},"13":{"start":{"line":46,"column":12},"end":{"line":46,"column":58}},"14":{"start":{"line":48,"column":12},"end":{"line":48,"column":35}},"15":{"start":{"line":49,"column":12},"end":{"line":49,"column":49}},"16":{"start":{"line":50,"column":12},"end":{"line":50,"column":43}}},"branchMap":{"1":{"line":25,"type":"binary-expr","locations":[{"start":{"line":25,"column":23},"end":{"line":25,"column":62}},{"start":{"line":26,"column":20},"end":{"line":26,"column":70}},{"start":{"line":27,"column":20},"end":{"line":27,"column":71}},{"start":{"line":28,"column":20},"end":{"line":28,"column":29}}]},"2":{"line":30,"type":"binary-expr","locations":[{"start":{"line":30,"column":23},"end":{"line":30,"column":37}},{"start":{"line":31,"column":20},"end":{"line":31,"column":61}},{"start":{"line":32,"column":20},"end":{"line":32,"column":70}},{"start":{"line":33,"column":20},"end":{"line":33,"column":26}}]},"3":{"line":37,"type":"cond-expr","locations":[{"start":{"line":38,"column":14},"end":{"line":38,"column":20}},{"start":{"line":39,"column":14},"end":{"line":39,"column":20}}]},"4":{"line":41,"type":"binary-expr","locations":[{"start":{"line":41,"column":16},"end":{"line":41,"column":44}},{"start":{"line":41,"column":48},"end":{"line":41,"column":53}}]},"5":{"line":45,"type":"if","locations":[{"start":{"line":45,"column":8},"end":{"line":45,"column":8}},{"start":{"line":45,"column":8},"end":{"line":45,"column":8}}]}},"code":["/* istanbul instrument in package npmtest_victory */","/*jslint","    bitwise: true,","    browser: true,","    maxerr: 8,","    maxlen: 96,","    node: true,","    nomen: true,","    regexp: true,","    stupid: true","*/","(function () {","    'use strict';","    var local;","","","","    // run shared js-env code - pre-init","    (function () {","        // init local","        local = {};","        // init modeJs","        local.modeJs = (function () {","            try {","                return typeof navigator.userAgent === 'string' &&","                    typeof document.querySelector('body') === 'object' &&","                    typeof XMLHttpRequest.prototype.open === 'function' &&","                    'browser';","            } catch (errorCaughtBrowser) {","                return module.exports &&","                    typeof process.versions.node === 'string' &&","                    typeof require('http').createServer === 'function' &&","                    'node';","            }","        }());","        // init global","        local.global = local.modeJs === 'browser'","            ? window","            : global;","        // init utility2_rollup","        local = local.global.utility2_rollup || local;","        // init lib","        local.local = local.npmtest_victory = local;","        // init exports","        if (local.modeJs === 'browser') {","            local.global.utility2_npmtest_victory = local;","        } else {","            module.exports = local;","            module.exports.__dirname = __dirname;","            module.exports.module = module;","        }","    }());","}());",""],"l":{"12":2,"14":2,"19":2,"21":2,"23":2,"24":2,"25":2,"30":1,"37":2,"41":2,"43":2,"45":2,"46":1,"48":1,"49":1,"50":1}},"/home/travis/build/npmtest/node-npmtest-victory/example.js":{"path":"/home/travis/build/npmtest/node-npmtest-victory/example.js","s":{"1":2,"2":2,"3":2,"4":2,"5":2,"6":2,"7":2,"8":1,"9":2,"10":2,"11":2,"12":2,"13":1,"14":2,"15":2,"16":2,"17":2,"18":2,"19":0,"20":2,"21":1,"22":1,"23":1,"24":1,"25":1,"26":0,"27":0,"28":1,"29":1,"30":2,"31":0,"32":0,"33":0,"34":1,"35":2,"36":2,"37":3,"38":3,"39":3,"40":3,"41":0,"42":3,"43":3,"44":3,"45":1,"46":3,"47":1,"48":1,"49":1,"50":1,"51":1,"52":1,"53":1,"54":1,"55":1,"56":1,"57":0,"58":1,"59":6,"60":6,"61":1,"62":2,"63":0,"64":2,"65":1,"66":1,"67":0,"68":0,"69":0,"70":0,"71":0,"72":0,"73":0,"74":0,"75":0,"76":0,"77":0,"78":0,"79":0,"80":0,"81":0,"82":0,"83":0},"b":{"1":[2,1,1,1],"2":[1,1,1,1],"3":[1,1],"4":[2,2],"5":[1,1],"6":[1,1],"7":[2,0],"8":[2,1,1,1,1,1],"9":[0,2,0],"10":[1,1],"11":[2,1,1],"12":[1,0],"13":[0,2],"14":[2,0,0,0,0,0,0],"15":[0,3],"16":[3,0],"17":[1,1],"18":[0,1],"19":[1,2,0,2],"20":[1,0],"21":[1,1],"22":[0,0],"23":[0,0],"24":[0,0],"25":[0,0],"26":[0,0],"27":[0,0],"28":[0,0]},"f":{"1":2,"2":2,"3":2,"4":2,"5":2,"6":2,"7":3,"8":3,"9":3,"10":1,"11":6,"12":0},"fnMap":{"1":{"name":"(anonymous_1)","line":26,"loc":{"start":{"line":26,"column":1},"end":{"line":26,"column":13}}},"2":{"name":"(anonymous_2)","line":33,"loc":{"start":{"line":33,"column":5},"end":{"line":33,"column":17}}},"3":{"name":"(anonymous_3)","line":37,"loc":{"start":{"line":37,"column":24},"end":{"line":37,"column":36}}},"4":{"name":"(anonymous_4)","line":69,"loc":{"start":{"line":69,"column":31},"end":{"line":69,"column":48}},"skip":true},"5":{"name":"(anonymous_5)","line":78,"loc":{"start":{"line":78,"column":26},"end":{"line":78,"column":45}},"skip":true},"6":{"name":"(anonymous_6)","line":123,"loc":{"start":{"line":123,"column":33},"end":{"line":123,"column":48}},"skip":true},"7":{"name":"(anonymous_7)","line":125,"loc":{"start":{"line":125,"column":27},"end":{"line":125,"column":39}},"skip":true},"8":{"name":"(anonymous_8)","line":133,"loc":{"start":{"line":133,"column":59},"end":{"line":133,"column":74}},"skip":true},"9":{"name":"(anonymous_9)","line":143,"loc":{"start":{"line":143,"column":45},"end":{"line":143,"column":62}},"skip":true},"10":{"name":"(anonymous_10)","line":144,"loc":{"start":{"line":144,"column":73},"end":{"line":144,"column":92}},"skip":true},"11":{"name":"(anonymous_11)","line":272,"loc":{"start":{"line":272,"column":51},"end":{"line":272,"column":77}},"skip":true},"12":{"name":"(anonymous_12)","line":315,"loc":{"start":{"line":315,"column":32},"end":{"line":315,"column":61}},"skip":true}},"statementMap":{"1":{"start":{"line":26,"column":0},"end":{"line":326,"column":5}},"2":{"start":{"line":28,"column":4},"end":{"line":28,"column":14}},"3":{"start":{"line":33,"column":4},"end":{"line":60,"column":9}},"4":{"start":{"line":35,"column":8},"end":{"line":35,"column":19}},"5":{"start":{"line":37,"column":8},"end":{"line":49,"column":13}},"6":{"start":{"line":38,"column":12},"end":{"line":48,"column":13}},"7":{"start":{"line":39,"column":16},"end":{"line":42,"column":30}},"8":{"start":{"line":44,"column":16},"end":{"line":47,"column":27}},"9":{"start":{"line":51,"column":8},"end":{"line":53,"column":21}},"10":{"start":{"line":55,"column":8},"end":{"line":57,"column":45}},"11":{"start":{"line":59,"column":8},"end":{"line":59,"column":35}},"12":{"start":{"line":61,"column":4},"end":{"line":325,"column":5}},"13":{"start":{"line":69,"column":8},"end":{"line":121,"column":10},"skip":true},"14":{"start":{"line":70,"column":12},"end":{"line":88,"column":13},"skip":true},"15":{"start":{"line":76,"column":16},"end":{"line":87,"column":19},"skip":true},"16":{"start":{"line":79,"column":20},"end":{"line":86,"column":21},"skip":true},"17":{"start":{"line":82,"column":24},"end":{"line":82,"column":43},"skip":true},"18":{"start":{"line":83,"column":24},"end":{"line":83,"column":30},"skip":true},"19":{"start":{"line":85,"column":24},"end":{"line":85,"column":49},"skip":true},"20":{"start":{"line":89,"column":12},"end":{"line":107,"column":13},"skip":true},"21":{"start":{"line":92,"column":16},"end":{"line":102,"column":17},"skip":true},"22":{"start":{"line":93,"column":20},"end":{"line":93,"column":86},"skip":true},"23":{"start":{"line":94,"column":20},"end":{"line":95,"column":45},"skip":true},"24":{"start":{"line":96,"column":20},"end":{"line":96,"column":42},"skip":true},"25":{"start":{"line":97,"column":20},"end":{"line":97,"column":48},"skip":true},"26":{"start":{"line":100,"column":20},"end":{"line":100,"column":85},"skip":true},"27":{"start":{"line":101,"column":20},"end":{"line":101,"column":96},"skip":true},"28":{"start":{"line":103,"column":16},"end":{"line":103,"column":22},"skip":true},"29":{"start":{"line":106,"column":16},"end":{"line":106,"column":22},"skip":true},"30":{"start":{"line":108,"column":12},"end":{"line":120,"column":13},"skip":true},"31":{"start":{"line":114,"column":16},"end":{"line":119,"column":17},"skip":true},"32":{"start":{"line":116,"column":20},"end":{"line":116,"column":78},"skip":true},"33":{"start":{"line":118,"column":20},"end":{"line":118,"column":47},"skip":true},"34":{"start":{"line":123,"column":8},"end":{"line":141,"column":11},"skip":true},"35":{"start":{"line":124,"column":12},"end":{"line":124,"column":54},"skip":true},"36":{"start":{"line":125,"column":12},"end":{"line":140,"column":14},"skip":true},"37":{"start":{"line":126,"column":16},"end":{"line":126,"column":28},"skip":true},"38":{"start":{"line":127,"column":16},"end":{"line":127,"column":69},"skip":true},"39":{"start":{"line":128,"column":16},"end":{"line":128,"column":75},"skip":true},"40":{"start":{"line":129,"column":16},"end":{"line":131,"column":17},"skip":true},"41":{"start":{"line":130,"column":20},"end":{"line":130,"column":27},"skip":true},"42":{"start":{"line":133,"column":16},"end":{"line":137,"column":36},"skip":true},"43":{"start":{"line":134,"column":20},"end":{"line":136,"column":55},"skip":true},"44":{"start":{"line":139,"column":16},"end":{"line":139,"column":57},"skip":true},"45":{"start":{"line":143,"column":8},"end":{"line":147,"column":11},"skip":true},"46":{"start":{"line":144,"column":12},"end":{"line":146,"column":15},"skip":true},"47":{"start":{"line":145,"column":16},"end":{"line":145,"column":70},"skip":true},"48":{"start":{"line":149,"column":8},"end":{"line":149,"column":31},"skip":true},"49":{"start":{"line":150,"column":8},"end":{"line":150,"column":14},"skip":true},"50":{"start":{"line":158,"column":8},"end":{"line":158,"column":31},"skip":true},"51":{"start":{"line":160,"column":8},"end":{"line":160,"column":33},"skip":true},"52":{"start":{"line":161,"column":8},"end":{"line":161,"column":37},"skip":true},"53":{"start":{"line":162,"column":8},"end":{"line":162,"column":35},"skip":true},"54":{"start":{"line":164,"column":8},"end":{"line":164,"column":50},"skip":true},"55":{"start":{"line":166,"column":8},"end":{"line":256,"column":2},"skip":true},"56":{"start":{"line":258,"column":8},"end":{"line":286,"column":9},"skip":true},"57":{"start":{"line":259,"column":12},"end":{"line":269,"column":14},"skip":true},"58":{"start":{"line":271,"column":12},"end":{"line":285,"column":19},"skip":true},"59":{"start":{"line":274,"column":20},"end":{"line":274,"column":35},"skip":true},"60":{"start":{"line":275,"column":20},"end":{"line":284,"column":21},"skip":true},"61":{"start":{"line":277,"column":24},"end":{"line":277,"column":64},"skip":true},"62":{"start":{"line":279,"column":24},"end":{"line":279,"column":40},"skip":true},"63":{"start":{"line":281,"column":24},"end":{"line":281,"column":40},"skip":true},"64":{"start":{"line":283,"column":24},"end":{"line":283,"column":39},"skip":true},"65":{"start":{"line":288,"column":8},"end":{"line":290,"column":9},"skip":true},"66":{"start":{"line":289,"column":12},"end":{"line":289,"column":18},"skip":true},"67":{"start":{"line":291,"column":8},"end":{"line":293,"column":54},"skip":true},"68":{"start":{"line":296,"column":8},"end":{"line":301,"column":37},"skip":true},"69":{"start":{"line":303,"column":8},"end":{"line":303,"column":82},"skip":true},"70":{"start":{"line":306,"column":8},"end":{"line":308,"column":9},"skip":true},"71":{"start":{"line":307,"column":12},"end":{"line":307,"column":82},"skip":true},"72":{"start":{"line":310,"column":8},"end":{"line":312,"column":9},"skip":true},"73":{"start":{"line":311,"column":12},"end":{"line":311,"column":18},"skip":true},"74":{"start":{"line":313,"column":8},"end":{"line":313,"column":54},"skip":true},"75":{"start":{"line":314,"column":8},"end":{"line":314,"column":69},"skip":true},"76":{"start":{"line":315,"column":8},"end":{"line":323,"column":36},"skip":true},"77":{"start":{"line":316,"column":12},"end":{"line":316,"column":61},"skip":true},"78":{"start":{"line":317,"column":12},"end":{"line":320,"column":13},"skip":true},"79":{"start":{"line":318,"column":16},"end":{"line":318,"column":75},"skip":true},"80":{"start":{"line":319,"column":16},"end":{"line":319,"column":23},"skip":true},"81":{"start":{"line":321,"column":12},"end":{"line":321,"column":38},"skip":true},"82":{"start":{"line":322,"column":12},"end":{"line":322,"column":27},"skip":true},"83":{"start":{"line":324,"column":8},"end":{"line":324,"column":14},"skip":true}},"branchMap":{"1":{"line":39,"type":"binary-expr","locations":[{"start":{"line":39,"column":23},"end":{"line":39,"column":62}},{"start":{"line":40,"column":20},"end":{"line":40,"column":70}},{"start":{"line":41,"column":20},"end":{"line":41,"column":71}},{"start":{"line":42,"column":20},"end":{"line":42,"column":29}}]},"2":{"line":44,"type":"binary-expr","locations":[{"start":{"line":44,"column":23},"end":{"line":44,"column":37}},{"start":{"line":45,"column":20},"end":{"line":45,"column":61}},{"start":{"line":46,"column":20},"end":{"line":46,"column":70}},{"start":{"line":47,"column":20},"end":{"line":47,"column":26}}]},"3":{"line":51,"type":"cond-expr","locations":[{"start":{"line":52,"column":14},"end":{"line":52,"column":20}},{"start":{"line":53,"column":14},"end":{"line":53,"column":20}}]},"4":{"line":55,"type":"binary-expr","locations":[{"start":{"line":55,"column":16},"end":{"line":55,"column":44}},{"start":{"line":55,"column":49},"end":{"line":57,"column":43}}]},"5":{"line":55,"type":"cond-expr","locations":[{"start":{"line":56,"column":14},"end":{"line":56,"column":51}},{"start":{"line":57,"column":14},"end":{"line":57,"column":43}}]},"6":{"line":61,"type":"switch","locations":[{"start":{"line":68,"column":4},"end":{"line":150,"column":14},"skip":true},{"start":{"line":156,"column":4},"end":{"line":324,"column":14},"skip":true}]},"7":{"line":70,"type":"if","locations":[{"start":{"line":70,"column":12},"end":{"line":70,"column":12},"skip":true},{"start":{"line":70,"column":12},"end":{"line":70,"column":12},"skip":true}]},"8":{"line":70,"type":"binary-expr","locations":[{"start":{"line":70,"column":16},"end":{"line":70,"column":22},"skip":true},{"start":{"line":70,"column":27},"end":{"line":70,"column":32},"skip":true},{"start":{"line":71,"column":20},"end":{"line":71,"column":39},"skip":true},{"start":{"line":72,"column":20},"end":{"line":72,"column":49},"skip":true},{"start":{"line":73,"column":20},"end":{"line":73,"column":58},"skip":true},{"start":{"line":74,"column":20},"end":{"line":74,"column":69},"skip":true}]},"9":{"line":79,"type":"switch","locations":[{"start":{"line":80,"column":20},"end":{"line":80,"column":33},"skip":true},{"start":{"line":81,"column":20},"end":{"line":83,"column":30},"skip":true},{"start":{"line":84,"column":20},"end":{"line":85,"column":49},"skip":true}]},"10":{"line":89,"type":"switch","locations":[{"start":{"line":90,"column":12},"end":{"line":103,"column":22},"skip":true},{"start":{"line":105,"column":12},"end":{"line":106,"column":22},"skip":true}]},"11":{"line":89,"type":"binary-expr","locations":[{"start":{"line":89,"column":20},"end":{"line":89,"column":25},"skip":true},{"start":{"line":89,"column":29},"end":{"line":89,"column":48},"skip":true},{"start":{"line":89,"column":52},"end":{"line":89,"column":74},"skip":true}]},"12":{"line":92,"type":"if","locations":[{"start":{"line":92,"column":16},"end":{"line":92,"column":16},"skip":true},{"start":{"line":92,"column":16},"end":{"line":92,"column":16},"skip":true}]},"13":{"line":108,"type":"if","locations":[{"start":{"line":108,"column":12},"end":{"line":108,"column":12},"skip":true},{"start":{"line":108,"column":12},"end":{"line":108,"column":12},"skip":true}]},"14":{"line":108,"type":"binary-expr","locations":[{"start":{"line":108,"column":16},"end":{"line":108,"column":61},"skip":true},{"start":{"line":108,"column":66},"end":{"line":108,"column":72},"skip":true},{"start":{"line":108,"column":77},"end":{"line":108,"column":82},"skip":true},{"start":{"line":109,"column":20},"end":{"line":109,"column":39},"skip":true},{"start":{"line":110,"column":20},"end":{"line":110,"column":49},"skip":true},{"start":{"line":111,"column":20},"end":{"line":111,"column":58},"skip":true},{"start":{"line":112,"column":20},"end":{"line":112,"column":68},"skip":true}]},"15":{"line":129,"type":"if","locations":[{"start":{"line":129,"column":16},"end":{"line":129,"column":16},"skip":true},{"start":{"line":129,"column":16},"end":{"line":129,"column":16},"skip":true}]},"16":{"line":134,"type":"cond-expr","locations":[{"start":{"line":135,"column":26},"end":{"line":135,"column":29},"skip":true},{"start":{"line":136,"column":26},"end":{"line":136,"column":54},"skip":true}]},"17":{"line":164,"type":"binary-expr","locations":[{"start":{"line":164,"column":27},"end":{"line":164,"column":43},"skip":true},{"start":{"line":164,"column":47},"end":{"line":164,"column":49},"skip":true}]},"18":{"line":258,"type":"if","locations":[{"start":{"line":258,"column":8},"end":{"line":258,"column":8},"skip":true},{"start":{"line":258,"column":8},"end":{"line":258,"column":8},"skip":true}]},"19":{"line":275,"type":"switch","locations":[{"start":{"line":276,"column":20},"end":{"line":277,"column":64},"skip":true},{"start":{"line":278,"column":20},"end":{"line":279,"column":40},"skip":true},{"start":{"line":280,"column":20},"end":{"line":281,"column":40},"skip":true},{"start":{"line":282,"column":20},"end":{"line":283,"column":39},"skip":true}]},"20":{"line":288,"type":"if","locations":[{"start":{"line":288,"column":8},"end":{"line":288,"column":8},"skip":true},{"start":{"line":288,"column":8},"end":{"line":288,"column":8},"skip":true}]},"21":{"line":288,"type":"binary-expr","locations":[{"start":{"line":288,"column":12},"end":{"line":288,"column":40},"skip":true},{"start":{"line":288,"column":44},"end":{"line":288,"column":67},"skip":true}]},"22":{"line":292,"type":"binary-expr","locations":[{"start":{"line":292,"column":12},"end":{"line":292,"column":50},"skip":true},{"start":{"line":293,"column":12},"end":{"line":293,"column":53},"skip":true}]},"23":{"line":297,"type":"binary-expr","locations":[{"start":{"line":297,"column":12},"end":{"line":297,"column":65},"skip":true},{"start":{"line":298,"column":12},"end":{"line":301,"column":36},"skip":true}]},"24":{"line":303,"type":"binary-expr","locations":[{"start":{"line":303,"column":43},"end":{"line":303,"column":75},"skip":true},{"start":{"line":303,"column":79},"end":{"line":303,"column":81},"skip":true}]},"25":{"line":306,"type":"if","locations":[{"start":{"line":306,"column":8},"end":{"line":306,"column":8},"skip":true},{"start":{"line":306,"column":8},"end":{"line":306,"column":8},"skip":true}]},"26":{"line":310,"type":"if","locations":[{"start":{"line":310,"column":8},"end":{"line":310,"column":8},"skip":true},{"start":{"line":310,"column":8},"end":{"line":310,"column":8},"skip":true}]},"27":{"line":313,"type":"binary-expr","locations":[{"start":{"line":313,"column":27},"end":{"line":313,"column":43},"skip":true},{"start":{"line":313,"column":47},"end":{"line":313,"column":53},"skip":true}]},"28":{"line":317,"type":"if","locations":[{"start":{"line":317,"column":12},"end":{"line":317,"column":12},"skip":true},{"start":{"line":317,"column":12},"end":{"line":317,"column":12},"skip":true}]}},"code":["/*","example.js","","quickstart example","","instruction","    1. save this script as example.js","    2. run the shell command:","        $ npm install npmtest-victory && PORT=8081 node example.js","    3. play with the browser-demo on http://127.0.0.1:8081","*/","","","","/* istanbul instrument in package npmtest_victory */","/*jslint","    bitwise: true,","    browser: true,","    maxerr: 8,","    maxlen: 96,","    node: true,","    nomen: true,","    regexp: true,","    stupid: true","*/","(function () {","    'use strict';","    var local;","","","","    // run shared js-env code - pre-init","    (function () {","        // init local","        local = {};","        // init modeJs","        local.modeJs = (function () {","            try {","                return typeof navigator.userAgent === 'string' &&","                    typeof document.querySelector('body') === 'object' &&","                    typeof XMLHttpRequest.prototype.open === 'function' &&","                    'browser';","            } catch (errorCaughtBrowser) {","                return module.exports &&","                    typeof process.versions.node === 'string' &&","                    typeof require('http').createServer === 'function' &&","                    'node';","            }","        }());","        // init global","        local.global = local.modeJs === 'browser'","            ? window","            : global;","        // init utility2_rollup","        local = local.global.utility2_rollup || (local.modeJs === 'browser'","            ? local.global.utility2_npmtest_victory","            : global.utility2_moduleExports);","        // export local","        local.global.local = local;","    }());","    switch (local.modeJs) {","","","","    // post-init","    // run browser js-env code - post-init","    /* istanbul ignore next */","    case 'browser':","        local.testRunBrowser = function (event) {","            if (!event || (event &&","                    event.currentTarget &&","                    event.currentTarget.className &&","                    event.currentTarget.className.includes &&","                    event.currentTarget.className.includes('onreset'))) {","                // reset output","                Array.from(","                    document.querySelectorAll('body > .resettable')","                ).forEach(function (element) {","                    switch (element.tagName) {","                    case 'INPUT':","                    case 'TEXTAREA':","                        element.value = '';","                        break;","                    default:","                        element.textContent = '';","                    }","                });","            }","            switch (event && event.currentTarget && event.currentTarget.id) {","            case 'testRunButton1':","                // show tests","                if (document.querySelector('#testReportDiv1').style.display === 'none') {","                    document.querySelector('#testReportDiv1').style.display = 'block';","                    document.querySelector('#testRunButton1').textContent =","                        'hide internal test';","                    local.modeTest = true;","                    local.testRunDefault(local);","                // hide tests","                } else {","                    document.querySelector('#testReportDiv1').style.display = 'none';","                    document.querySelector('#testRunButton1').textContent = 'run internal test';","                }","                break;","            // custom-case","            default:","                break;","            }","            if (document.querySelector('#inputTextareaEval1') && (!event || (event &&","                    event.currentTarget &&","                    event.currentTarget.className &&","                    event.currentTarget.className.includes &&","                    event.currentTarget.className.includes('oneval')))) {","                // try to eval input-code","                try {","                    /*jslint evil: true*/","                    eval(document.querySelector('#inputTextareaEval1').value);","                } catch (errorCaught) {","                    console.error(errorCaught);","                }","            }","        };","        // log stderr and stdout to #outputTextareaStdout1","        ['error', 'log'].forEach(function (key) {","            console[key + '_original'] = console[key];","            console[key] = function () {","                var element;","                console[key + '_original'].apply(console, arguments);","                element = document.querySelector('#outputTextareaStdout1');","                if (!element) {","                    return;","                }","                // append text to #outputTextareaStdout1","                element.value += Array.from(arguments).map(function (arg) {","                    return typeof arg === 'string'","                        ? arg","                        : JSON.stringify(arg, null, 4);","                }).join(' ') + '\\n';","                // scroll textarea to bottom","                element.scrollTop = element.scrollHeight;","            };","        });","        // init event-handling","        ['change', 'click', 'keyup'].forEach(function (event) {","            Array.from(document.querySelectorAll('.on' + event)).forEach(function (element) {","                element.addEventListener(event, local.testRunBrowser);","            });","        });","        // run tests","        local.testRunBrowser();","        break;","","","","    // run node js-env code - post-init","    /* istanbul ignore next */","    case 'node':","        // export local","        module.exports = local;","        // require modules","        local.fs = require('fs');","        local.http = require('http');","        local.url = require('url');","        // init assets","        local.assetsDict = local.assetsDict || {};","        /* jslint-ignore-begin */","        local.assetsDict['/assets.index.template.html'] = '\\","<!doctype html>\\n\\","<html lang=\"en\">\\n\\","<head>\\n\\","<meta charset=\"UTF-8\">\\n\\","<meta name=\"viewport\" content=\"width=device-width, initial-scale=1\">\\n\\","<title>{{env.npm_package_name}} (v{{env.npm_package_version}})</title>\\n\\","<style>\\n\\","/*csslint\\n\\","    box-sizing: false,\\n\\","    universal-selector: false\\n\\","*/\\n\\","* {\\n\\","    box-sizing: border-box;\\n\\","}\\n\\","body {\\n\\","    background: #dde;\\n\\","    font-family: Arial, Helvetica, sans-serif;\\n\\","    margin: 2rem;\\n\\","}\\n\\","body > * {\\n\\","    margin-bottom: 1rem;\\n\\","}\\n\\",".utility2FooterDiv {\\n\\","    margin-top: 20px;\\n\\","    text-align: center;\\n\\","}\\n\\","</style>\\n\\","<style>\\n\\","/*csslint\\n\\","*/\\n\\","textarea {\\n\\","    font-family: monospace;\\n\\","    height: 10rem;\\n\\","    width: 100%;\\n\\","}\\n\\","textarea[readonly] {\\n\\","    background: #ddd;\\n\\","}\\n\\","</style>\\n\\","</head>\\n\\","<body>\\n\\","<!-- utility2-comment\\n\\","<div id=\"ajaxProgressDiv1\" style=\"background: #d00; height: 2px; left: 0; margin: 0; padding: 0; position: fixed; top: 0; transition: background 0.5s, width 1.5s; width: 25%;\"></div>\\n\\","utility2-comment -->\\n\\","<h1>\\n\\","<!-- utility2-comment\\n\\","    <a\\n\\","        {{#if env.npm_package_homepage}}\\n\\","        href=\"{{env.npm_package_homepage}}\"\\n\\","        {{/if env.npm_package_homepage}}\\n\\","        target=\"_blank\"\\n\\","    >\\n\\","utility2-comment -->\\n\\","        {{env.npm_package_name}} (v{{env.npm_package_version}})\\n\\","<!-- utility2-comment\\n\\","    </a>\\n\\","utility2-comment -->\\n\\","</h1>\\n\\","<h3>{{env.npm_package_description}}</h3>\\n\\","<!-- utility2-comment\\n\\","<h4><a download href=\"assets.app.js\">download standalone app</a></h4>\\n\\","<button class=\"onclick onreset\" id=\"testRunButton1\">run internal test</button><br>\\n\\","<div id=\"testReportDiv1\" style=\"display: none;\"></div>\\n\\","utility2-comment -->\\n\\","\\n\\","\\n\\","\\n\\","<label>stderr and stdout</label>\\n\\","<textarea class=\"resettable\" id=\"outputTextareaStdout1\" readonly></textarea>\\n\\","<!-- utility2-comment\\n\\","{{#if isRollup}}\\n\\","<script src=\"assets.app.js\"></script>\\n\\","{{#unless isRollup}}\\n\\","utility2-comment -->\\n\\","<script src=\"assets.utility2.rollup.js\"></script>\\n\\","<script src=\"jsonp.utility2._stateInit?callback=window.utility2._stateInit\"></script>\\n\\","<script src=\"assets.npmtest_victory.rollup.js\"></script>\\n\\","<script src=\"assets.example.js\"></script>\\n\\","<script src=\"assets.test.js\"></script>\\n\\","<!-- utility2-comment\\n\\","{{/if isRollup}}\\n\\","utility2-comment -->\\n\\","<div class=\"utility2FooterDiv\">\\n\\","    [ this app was created with\\n\\","    <a href=\"https://github.com/kaizhu256/node-utility2\" target=\"_blank\">utility2</a>\\n\\","    ]\\n\\","</div>\\n\\","</body>\\n\\","</html>\\n\\","';","        /* jslint-ignore-end */","        if (local.templateRender) {","            local.assetsDict['/'] = local.templateRender(","                local.assetsDict['/assets.index.template.html'],","                {","                    env: local.objectSetDefault(local.env, {","                        npm_package_description: 'the greatest app in the world!',","                        npm_package_name: 'my-app',","                        npm_package_nameAlias: 'my_app',","                        npm_package_version: '0.0.1'","                    })","                }","            );","        } else {","            local.assetsDict['/'] = local.assetsDict['/assets.index.template.html']","                .replace((/\\{\\{env\\.(\\w+?)\\}\\}/g), function (match0, match1) {","                    // jslint-hack","                    String(match0);","                    switch (match1) {","                    case 'npm_package_description':","                        return 'the greatest app in the world!';","                    case 'npm_package_name':","                        return 'my-app';","                    case 'npm_package_nameAlias':","                        return 'my_app';","                    case 'npm_package_version':","                        return '0.0.1';","                    }","                });","        }","        // run the cli","        if (local.global.utility2_rollup || module !== require.main) {","            break;","        }","        local.assetsDict['/assets.example.js'] =","            local.assetsDict['/assets.example.js'] ||","            local.fs.readFileSync(__filename, 'utf8');","        // bug-workaround - long $npm_package_buildCustomOrg","        /* jslint-ignore-begin */","        local.assetsDict['/assets.npmtest_victory.rollup.js'] =","            local.assetsDict['/assets.npmtest_victory.rollup.js'] ||","            local.fs.readFileSync(","                local.npmtest_victory.__dirname + '/lib.npmtest_victory.js',","                'utf8'","            ).replace((/^#!/), '//');","        /* jslint-ignore-end */","        local.assetsDict['/favicon.ico'] = local.assetsDict['/favicon.ico'] || '';","        // if $npm_config_timeout_exit exists,","        // then exit this process after $npm_config_timeout_exit ms","        if (Number(process.env.npm_config_timeout_exit)) {","            setTimeout(process.exit, Number(process.env.npm_config_timeout_exit));","        }","        // start server","        if (local.global.utility2_serverHttp1) {","            break;","        }","        process.env.PORT = process.env.PORT || '8081';","        console.error('server starting on port ' + process.env.PORT);","        local.http.createServer(function (request, response) {","            request.urlParsed = local.url.parse(request.url);","            if (local.assetsDict[request.urlParsed.pathname] !== undefined) {","                response.end(local.assetsDict[request.urlParsed.pathname]);","                return;","            }","            response.statusCode = 404;","            response.end();","        }).listen(process.env.PORT);","        break;","    }","}());",""],"l":{"26":2,"28":2,"33":2,"35":2,"37":2,"38":2,"39":2,"44":1,"51":2,"55":2,"59":2,"61":2,"69":1,"70":2,"76":2,"79":2,"82":2,"83":2,"85":1,"89":2,"92":1,"93":1,"94":1,"96":1,"97":1,"100":1,"101":1,"103":1,"106":1,"108":2,"114":1,"116":1,"118":1,"123":1,"124":2,"125":2,"126":3,"127":3,"128":3,"129":3,"130":1,"133":3,"134":3,"139":3,"143":1,"144":3,"145":1,"149":1,"150":1,"158":1,"160":1,"161":1,"162":1,"164":1,"166":1,"258":1,"259":1,"271":1,"274":6,"275":6,"277":1,"279":2,"281":1,"283":2,"288":1,"289":1,"291":1,"296":1,"303":1,"306":1,"307":1,"310":1,"311":1,"313":1,"314":1,"315":1,"316":1,"317":1,"318":1,"319":1,"321":1,"322":1,"324":1}},"/home/travis/build/npmtest/node-npmtest-victory/node_modules/victory/lib/index.js":{"path":"/home/travis/build/npmtest/node-npmtest-victory/node_modules/victory/lib/index.js","s":{"1":2,"2":2,"3":2,"4":0,"5":0,"6":0,"7":0,"8":0,"9":0,"10":0,"11":0,"12":0,"13":0,"14":0,"15":0,"16":0,"17":0,"18":0,"19":0,"20":0,"21":0,"22":0,"23":0,"24":0,"25":0,"26":0,"27":0,"28":0,"29":0,"30":0,"31":0,"32":0,"33":0,"34":0,"35":0,"36":0,"37":0,"38":0,"39":0,"40":0,"41":0,"42":0,"43":0,"44":0,"45":0,"46":0,"47":0,"48":0,"49":0,"50":0,"51":0,"52":0,"53":0,"54":0,"55":0,"56":0,"57":0,"58":0,"59":0,"60":0,"61":0,"62":0,"63":0,"64":0,"65":0,"66":0,"67":0,"68":0,"69":0},"b":{},"f":{},"fnMap":{},"statementMap":{"1":{"start":{"line":1,"column":0},"end":{"line":1,"column":57}},"2":{"start":{"line":1,"column":57},"end":{"line":1,"column":1414}},"3":{"start":{"line":1,"column":1414},"end":{"line":1,"column":1455}},"4":{"start":{"line":18,"column":0},"end":{"line":18,"column":43}},"5":{"start":{"line":39,"column":0},"end":{"line":39,"column":39}},"6":{"start":{"line":39,"column":39},"end":{"line":42,"column":23}},"7":{"start":{"line":42,"column":23},"end":{"line":42,"column":52}},"8":{"start":{"line":42,"column":52},"end":{"line":42,"column":87}},"9":{"start":{"line":42,"column":87},"end":{"line":42,"column":126}},"10":{"start":{"line":42,"column":126},"end":{"line":42,"column":159}},"11":{"start":{"line":42,"column":159},"end":{"line":42,"column":198}},"12":{"start":{"line":42,"column":198},"end":{"line":42,"column":229}},"13":{"start":{"line":42,"column":229},"end":{"line":42,"column":262}},"14":{"start":{"line":42,"column":262},"end":{"line":42,"column":295}},"15":{"start":{"line":42,"column":295},"end":{"line":42,"column":332}},"16":{"start":{"line":42,"column":332},"end":{"line":42,"column":367}},"17":{"start":{"line":42,"column":367},"end":{"line":43,"column":47}},"18":{"start":{"line":43,"column":47},"end":{"line":44,"column":38}},"19":{"start":{"line":44,"column":38},"end":{"line":45,"column":38}},"20":{"start":{"line":45,"column":38},"end":{"line":46,"column":36}},"21":{"start":{"line":46,"column":36},"end":{"line":47,"column":52}},"22":{"start":{"line":47,"column":52},"end":{"line":48,"column":40}},"23":{"start":{"line":48,"column":40},"end":{"line":49,"column":46}},"24":{"start":{"line":49,"column":46},"end":{"line":50,"column":40}},"25":{"start":{"line":50,"column":40},"end":{"line":51,"column":38}},"26":{"start":{"line":51,"column":38},"end":{"line":52,"column":39}},"27":{"start":{"line":52,"column":39},"end":{"line":53,"column":41}},"28":{"start":{"line":53,"column":41},"end":{"line":54,"column":34}},"29":{"start":{"line":54,"column":34},"end":{"line":55,"column":44}},"30":{"start":{"line":55,"column":44},"end":{"line":56,"column":40}},"31":{"start":{"line":56,"column":40},"end":{"line":57,"column":39}},"32":{"start":{"line":57,"column":39},"end":{"line":58,"column":49}},"33":{"start":{"line":58,"column":49},"end":{"line":59,"column":53}},"34":{"start":{"line":59,"column":53},"end":{"line":60,"column":43}},"35":{"start":{"line":60,"column":43},"end":{"line":61,"column":44}},"36":{"start":{"line":61,"column":44},"end":{"line":62,"column":58}},"37":{"start":{"line":62,"column":58},"end":{"line":63,"column":38}},"38":{"start":{"line":63,"column":38},"end":{"line":64,"column":41}},"39":{"start":{"line":64,"column":41},"end":{"line":65,"column":27}},"40":{"start":{"line":65,"column":27},"end":{"line":66,"column":47}},"41":{"start":{"line":66,"column":47},"end":{"line":66,"column":110}},"42":{"start":{"line":66,"column":110},"end":{"line":67,"column":56}},"43":{"start":{"line":67,"column":56},"end":{"line":67,"column":102}},"44":{"start":{"line":67,"column":102},"end":{"line":67,"column":162}},"45":{"start":{"line":67,"column":162},"end":{"line":68,"column":66}},"46":{"start":{"line":68,"column":66},"end":{"line":68,"column":122}},"47":{"start":{"line":68,"column":122},"end":{"line":68,"column":192}},"48":{"start":{"line":68,"column":192},"end":{"line":69,"column":58}},"49":{"start":{"line":69,"column":58},"end":{"line":69,"column":106}},"50":{"start":{"line":69,"column":106},"end":{"line":69,"column":168}},"51":{"start":{"line":69,"column":168},"end":{"line":70,"column":62}},"52":{"start":{"line":70,"column":62},"end":{"line":70,"column":114}},"53":{"start":{"line":70,"column":114},"end":{"line":70,"column":180}},"54":{"start":{"line":70,"column":180},"end":{"line":71,"column":60}},"55":{"start":{"line":71,"column":60},"end":{"line":71,"column":114}},"56":{"start":{"line":71,"column":114},"end":{"line":72,"column":33}},"57":{"start":{"line":72,"column":33},"end":{"line":72,"column":76}},"58":{"start":{"line":72,"column":76},"end":{"line":72,"column":107}},"59":{"start":{"line":72,"column":107},"end":{"line":72,"column":166}},"60":{"start":{"line":72,"column":166},"end":{"line":72,"column":201}},"61":{"start":{"line":72,"column":201},"end":{"line":72,"column":236}},"62":{"start":{"line":72,"column":236},"end":{"line":72,"column":273}},"63":{"start":{"line":72,"column":273},"end":{"line":72,"column":302}},"64":{"start":{"line":72,"column":302},"end":{"line":73,"column":33}},"65":{"start":{"line":73,"column":33},"end":{"line":73,"column":66}},"66":{"start":{"line":73,"column":66},"end":{"line":73,"column":99}},"67":{"start":{"line":73,"column":99},"end":{"line":73,"column":138}},"68":{"start":{"line":73,"column":138},"end":{"line":73,"column":183}},"69":{"start":{"line":73,"column":183},"end":{"line":73,"column":224}}},"branchMap":{},"code":["Object.defineProperty(exports,\"__esModule\",{value:true});exports.Selection=exports.Transitions=exports.TextSize=exports.Style=exports.Scale=exports.PropTypes=exports.Log=exports.Helpers=exports.Events=exports.Domain=exports.DefaultTransitions=exports.Data=exports.Collection=exports.addEvents=exports.createContainer=exports.combineContainerMixins=exports.voronoiContainerMixin=exports.VoronoiHelpers=exports.VictoryVoronoiContainer=exports.brushContainerMixin=exports.BrushHelpers=exports.VictoryBrushContainer=exports.selectionContainerMixin=exports.SelectionHelpers=exports.VictorySelectionContainer=exports.zoomContainerMixin=exports.ZoomHelpers=exports.VictoryZoomContainer=exports.VictoryClipContainer=exports.VictoryContainer=exports.Portal=exports.VictoryPortal=exports.VictoryZoom=exports.VictoryVoronoiTooltip=exports.VictoryVoronoi=exports.VictoryTooltip=exports.VictorySharedEvents=exports.VictoryTransition=exports.VictoryTheme=exports.VictoryStack=exports.VictoryScatter=exports.VictoryPie=exports.VictoryLegend=exports.VictoryLabel=exports.VictoryLine=exports.VictoryGroup=exports.VictoryErrorBar=exports.VictoryChart=exports.VictoryCandlestick=exports.VictoryBar=exports.VictoryAxis=exports.VictoryArea=exports.VictoryAnimation=exports.Flyout=exports.Voronoi=exports.Slice=exports.Point=exports.Line=exports.ErrorBar=exports.Curve=exports.ClipPath=exports.Candle=exports.Bar=exports.Area=undefined;var _victoryCore=require(\"victory-core\");","","","","","","","","","","","","","","","","","var _victoryChart=require(\"victory-chart\");","","","","","","","","","","","","","","","","","","","","","var _victoryPie=require(\"victory-pie\");exports.","","","Area=_victoryCore.Area;exports.Bar=_victoryCore.Bar;exports.Candle=_victoryCore.Candle;exports.ClipPath=_victoryCore.ClipPath;exports.Curve=_victoryCore.Curve;exports.ErrorBar=_victoryCore.ErrorBar;exports.Line=_victoryCore.Line;exports.Point=_victoryCore.Point;exports.Slice=_victoryCore.Slice;exports.Voronoi=_victoryCore.Voronoi;exports.Flyout=_victoryCore.Flyout;exports.","VictoryAnimation=_victoryCore.VictoryAnimation;exports.","VictoryArea=_victoryChart.VictoryArea;exports.","VictoryAxis=_victoryChart.VictoryAxis;exports.","VictoryBar=_victoryChart.VictoryBar;exports.","VictoryCandlestick=_victoryChart.VictoryCandlestick;exports.","VictoryChart=_victoryChart.VictoryChart;exports.","VictoryErrorBar=_victoryChart.VictoryErrorBar;exports.","VictoryGroup=_victoryChart.VictoryGroup;exports.","VictoryLine=_victoryChart.VictoryLine;exports.","VictoryLabel=_victoryCore.VictoryLabel;exports.","VictoryLegend=_victoryCore.VictoryLegend;exports.","VictoryPie=_victoryPie.VictoryPie;exports.","VictoryScatter=_victoryChart.VictoryScatter;exports.","VictoryStack=_victoryChart.VictoryStack;exports.","VictoryTheme=_victoryCore.VictoryTheme;exports.","VictoryTransition=_victoryCore.VictoryTransition;exports.","VictorySharedEvents=_victoryCore.VictorySharedEvents;exports.","VictoryTooltip=_victoryCore.VictoryTooltip;exports.","VictoryVoronoi=_victoryChart.VictoryVoronoi;exports.","VictoryVoronoiTooltip=_victoryChart.VictoryVoronoiTooltip;exports.","VictoryZoom=_victoryChart.VictoryZoom;exports.","VictoryPortal=_victoryCore.VictoryPortal;exports.","Portal=_victoryCore.Portal;exports.","VictoryContainer=_victoryCore.VictoryContainer;exports.VictoryClipContainer=_victoryCore.VictoryClipContainer;exports.","VictoryZoomContainer=_victoryChart.VictoryZoomContainer;exports.ZoomHelpers=_victoryChart.ZoomHelpers;exports.zoomContainerMixin=_victoryChart.zoomContainerMixin;exports.","VictorySelectionContainer=_victoryChart.VictorySelectionContainer;exports.SelectionHelpers=_victoryChart.SelectionHelpers;exports.selectionContainerMixin=_victoryChart.selectionContainerMixin;exports.","VictoryBrushContainer=_victoryChart.VictoryBrushContainer;exports.BrushHelpers=_victoryChart.BrushHelpers;exports.brushContainerMixin=_victoryChart.brushContainerMixin;exports.","VictoryVoronoiContainer=_victoryChart.VictoryVoronoiContainer;exports.VoronoiHelpers=_victoryChart.VoronoiHelpers;exports.voronoiContainerMixin=_victoryChart.voronoiContainerMixin;exports.","combineContainerMixins=_victoryChart.combineContainerMixins;exports.createContainer=_victoryChart.createContainer;exports.","addEvents=_victoryCore.addEvents;exports.Collection=_victoryCore.Collection;exports.Data=_victoryCore.Data;exports.DefaultTransitions=_victoryCore.DefaultTransitions;exports.Domain=_victoryCore.Domain;exports.Events=_victoryCore.Events;exports.Helpers=_victoryCore.Helpers;exports.Log=_victoryCore.Log;exports.","PropTypes=_victoryCore.PropTypes;exports.Scale=_victoryCore.Scale;exports.Style=_victoryCore.Style;exports.TextSize=_victoryCore.TextSize;exports.Transitions=_victoryCore.Transitions;exports.Selection=_victoryCore.Selection;"],"l":{"1":2,"18":0,"39":0,"42":0,"43":0,"44":0,"45":0,"46":0,"47":0,"48":0,"49":0,"50":0,"51":0,"52":0,"53":0,"54":0,"55":0,"56":0,"57":0,"58":0,"59":0,"60":0,"61":0,"62":0,"63":0,"64":0,"65":0,"66":0,"67":0,"68":0,"69":0,"70":0,"71":0,"72":0,"73":0}},"/home/travis/build/npmtest/node-npmtest-victory/node_modules/victory-core/lib/index.js":{"path":"/home/travis/build/npmtest/node-npmtest-victory/node_modules/victory-core/lib/index.js","s":{"1":2,"2":2,"3":0,"4":0,"5":0,"6":0,"7":0,"8":0,"9":0,"10":0,"11":0,"12":0,"13":0,"14":0,"15":0,"16":0,"17":0,"18":0,"19":0,"20":0,"21":0,"22":0,"23":0,"24":0,"25":0,"26":0,"27":0,"28":0,"29":0,"30":0,"31":0,"32":0,"33":0,"34":0,"35":0,"36":0,"37":0,"38":0,"39":0,"40":0,"41":0,"42":0,"43":0,"44":0,"45":0,"46":0,"47":0,"48":0,"49":0,"50":0,"51":0,"52":0,"53":0,"54":0,"55":0,"56":0,"57":0,"58":0,"59":0,"60":0,"61":0,"62":0,"63":0,"64":0,"65":0,"66":0,"67":0,"68":0,"69":0,"70":0,"71":0,"72":0,"73":0,"74":0,"75":0,"76":0,"77":0,"78":0,"79":0,"80":0,"81":0,"82":0,"83":0,"84":0,"85":0,"86":0,"87":0,"88":0,"89":1,"90":0},"b":{"1":[0,0],"2":[0,0]},"f":{"1":0,"2":0,"3":0,"4":0,"5":0,"6":0,"7":0,"8":0,"9":0,"10":0,"11":0,"12":0,"13":0,"14":0,"15":0,"16":0,"17":0,"18":0,"19":0,"20":0,"21":0,"22":0,"23":0,"24":0,"25":0,"26":0,"27":0,"28":0,"29":0,"30":0,"31":0,"32":0,"33":0,"34":0,"35":0,"36":0,"37":0,"38":0},"fnMap":{"1":{"name":"get","line":1,"loc":{"start":{"line":1,"column":198},"end":{"line":1,"column":212}}},"2":{"name":"get","line":1,"loc":{"start":{"line":1,"column":415},"end":{"line":1,"column":429}}},"3":{"name":"get","line":2,"loc":{"start":{"line":2,"column":137},"end":{"line":2,"column":151}}},"4":{"name":"get","line":3,"loc":{"start":{"line":3,"column":157},"end":{"line":3,"column":171}}},"5":{"name":"get","line":4,"loc":{"start":{"line":4,"column":167},"end":{"line":4,"column":181}}},"6":{"name":"get","line":5,"loc":{"start":{"line":5,"column":171},"end":{"line":5,"column":185}}},"7":{"name":"get","line":6,"loc":{"start":{"line":6,"column":137},"end":{"line":6,"column":151}}},"8":{"name":"get","line":7,"loc":{"start":{"line":7,"column":141},"end":{"line":7,"column":155}}},"9":{"name":"get","line":8,"loc":{"start":{"line":8,"column":145},"end":{"line":8,"column":159}}},"10":{"name":"get","line":9,"loc":{"start":{"line":9,"column":141},"end":{"line":9,"column":155}}},"11":{"name":"get","line":10,"loc":{"start":{"line":10,"column":119},"end":{"line":10,"column":133}}},"12":{"name":"get","line":11,"loc":{"start":{"line":11,"column":119},"end":{"line":11,"column":133}}},"13":{"name":"get","line":13,"loc":{"start":{"line":13,"column":66},"end":{"line":13,"column":80}}},"14":{"name":"get","line":13,"loc":{"start":{"line":13,"column":163},"end":{"line":13,"column":177}}},"15":{"name":"get","line":13,"loc":{"start":{"line":13,"column":265},"end":{"line":13,"column":279}}},"16":{"name":"get","line":13,"loc":{"start":{"line":13,"column":366},"end":{"line":13,"column":380}}},"17":{"name":"get","line":13,"loc":{"start":{"line":13,"column":467},"end":{"line":13,"column":481}}},"18":{"name":"get","line":13,"loc":{"start":{"line":13,"column":567},"end":{"line":13,"column":581}}},"19":{"name":"get","line":13,"loc":{"start":{"line":13,"column":664},"end":{"line":13,"column":678}}},"20":{"name":"get","line":13,"loc":{"start":{"line":13,"column":762},"end":{"line":13,"column":776}}},"21":{"name":"get","line":13,"loc":{"start":{"line":13,"column":862},"end":{"line":13,"column":876}}},"22":{"name":"get","line":13,"loc":{"start":{"line":13,"column":963},"end":{"line":13,"column":977}}},"23":{"name":"get","line":13,"loc":{"start":{"line":13,"column":1110},"end":{"line":13,"column":1124}}},"24":{"name":"get","line":16,"loc":{"start":{"line":16,"column":78},"end":{"line":16,"column":92}}},"25":{"name":"get","line":16,"loc":{"start":{"line":16,"column":181},"end":{"line":16,"column":195}}},"26":{"name":"get","line":16,"loc":{"start":{"line":16,"column":292},"end":{"line":16,"column":306}}},"27":{"name":"get","line":16,"loc":{"start":{"line":16,"column":405},"end":{"line":16,"column":419}}},"28":{"name":"get","line":16,"loc":{"start":{"line":16,"column":506},"end":{"line":16,"column":520}}},"29":{"name":"get","line":16,"loc":{"start":{"line":16,"column":608},"end":{"line":16,"column":622}}},"30":{"name":"get","line":16,"loc":{"start":{"line":16,"column":707},"end":{"line":16,"column":721}}},"31":{"name":"get","line":16,"loc":{"start":{"line":16,"column":808},"end":{"line":16,"column":822}}},"32":{"name":"get","line":17,"loc":{"start":{"line":17,"column":73},"end":{"line":17,"column":87}}},"33":{"name":"get","line":17,"loc":{"start":{"line":17,"column":172},"end":{"line":17,"column":186}}},"34":{"name":"get","line":17,"loc":{"start":{"line":17,"column":274},"end":{"line":17,"column":288}}},"35":{"name":"get","line":17,"loc":{"start":{"line":17,"column":376},"end":{"line":17,"column":390}}},"36":{"name":"get","line":17,"loc":{"start":{"line":17,"column":481},"end":{"line":17,"column":495}}},"37":{"name":"get","line":17,"loc":{"start":{"line":17,"column":590},"end":{"line":17,"column":604}}},"38":{"name":"_interopRequireDefault","line":17,"loc":{"start":{"line":17,"column":634},"end":{"line":17,"column":670}}}},"statementMap":{"1":{"start":{"line":1,"column":0},"end":{"line":1,"column":57}},"2":{"start":{"line":1,"column":57},"end":{"line":1,"column":128}},"3":{"start":{"line":1,"column":128},"end":{"line":1,"column":274}},"4":{"start":{"line":1,"column":213},"end":{"line":1,"column":270}},"5":{"start":{"line":1,"column":274},"end":{"line":1,"column":345}},"6":{"start":{"line":1,"column":345},"end":{"line":2,"column":12}},"7":{"start":{"line":1,"column":430},"end":{"line":2,"column":8}},"8":{"start":{"line":2,"column":12},"end":{"line":2,"column":71}},"9":{"start":{"line":2,"column":71},"end":{"line":3,"column":12}},"10":{"start":{"line":2,"column":152},"end":{"line":3,"column":8}},"11":{"start":{"line":3,"column":12},"end":{"line":3,"column":86}},"12":{"start":{"line":3,"column":86},"end":{"line":4,"column":12}},"13":{"start":{"line":3,"column":172},"end":{"line":4,"column":8}},"14":{"start":{"line":4,"column":12},"end":{"line":4,"column":94}},"15":{"start":{"line":4,"column":94},"end":{"line":5,"column":12}},"16":{"start":{"line":4,"column":182},"end":{"line":5,"column":8}},"17":{"start":{"line":5,"column":12},"end":{"line":5,"column":97}},"18":{"start":{"line":5,"column":97},"end":{"line":6,"column":12}},"19":{"start":{"line":5,"column":186},"end":{"line":6,"column":8}},"20":{"start":{"line":6,"column":12},"end":{"line":6,"column":71}},"21":{"start":{"line":6,"column":71},"end":{"line":7,"column":12}},"22":{"start":{"line":6,"column":152},"end":{"line":7,"column":8}},"23":{"start":{"line":7,"column":12},"end":{"line":7,"column":74}},"24":{"start":{"line":7,"column":74},"end":{"line":8,"column":12}},"25":{"start":{"line":7,"column":156},"end":{"line":8,"column":8}},"26":{"start":{"line":8,"column":12},"end":{"line":8,"column":77}},"27":{"start":{"line":8,"column":77},"end":{"line":9,"column":12}},"28":{"start":{"line":8,"column":160},"end":{"line":9,"column":8}},"29":{"start":{"line":9,"column":12},"end":{"line":9,"column":74}},"30":{"start":{"line":9,"column":74},"end":{"line":10,"column":12}},"31":{"start":{"line":9,"column":156},"end":{"line":10,"column":8}},"32":{"start":{"line":10,"column":12},"end":{"line":10,"column":59}},"33":{"start":{"line":10,"column":59},"end":{"line":11,"column":12}},"34":{"start":{"line":10,"column":134},"end":{"line":11,"column":8}},"35":{"start":{"line":11,"column":12},"end":{"line":11,"column":61}},"36":{"start":{"line":11,"column":61},"end":{"line":13,"column":9}},"37":{"start":{"line":11,"column":134},"end":{"line":13,"column":5}},"38":{"start":{"line":13,"column":9},"end":{"line":13,"column":103}},"39":{"start":{"line":13,"column":81},"end":{"line":13,"column":99}},"40":{"start":{"line":13,"column":103},"end":{"line":13,"column":203}},"41":{"start":{"line":13,"column":178},"end":{"line":13,"column":199}},"42":{"start":{"line":13,"column":203},"end":{"line":13,"column":307}},"43":{"start":{"line":13,"column":280},"end":{"line":13,"column":303}},"44":{"start":{"line":13,"column":307},"end":{"line":13,"column":405}},"45":{"start":{"line":13,"column":381},"end":{"line":13,"column":401}},"46":{"start":{"line":13,"column":405},"end":{"line":13,"column":509}},"47":{"start":{"line":13,"column":482},"end":{"line":13,"column":505}},"48":{"start":{"line":13,"column":509},"end":{"line":13,"column":605}},"49":{"start":{"line":13,"column":582},"end":{"line":13,"column":601}},"50":{"start":{"line":13,"column":605},"end":{"line":13,"column":703}},"51":{"start":{"line":13,"column":679},"end":{"line":13,"column":699}},"52":{"start":{"line":13,"column":703},"end":{"line":13,"column":801}},"53":{"start":{"line":13,"column":777},"end":{"line":13,"column":797}},"54":{"start":{"line":13,"column":801},"end":{"line":13,"column":903}},"55":{"start":{"line":13,"column":877},"end":{"line":13,"column":899}},"56":{"start":{"line":13,"column":903},"end":{"line":13,"column":1003}},"57":{"start":{"line":13,"column":978},"end":{"line":13,"column":999}},"58":{"start":{"line":13,"column":1003},"end":{"line":13,"column":1047}},"59":{"start":{"line":13,"column":1047},"end":{"line":16,"column":14}},"60":{"start":{"line":13,"column":1125},"end":{"line":16,"column":10}},"61":{"start":{"line":16,"column":14},"end":{"line":16,"column":123}},"62":{"start":{"line":16,"column":93},"end":{"line":16,"column":119}},"63":{"start":{"line":16,"column":123},"end":{"line":16,"column":220}},"64":{"start":{"line":16,"column":196},"end":{"line":16,"column":216}},"65":{"start":{"line":16,"column":220},"end":{"line":16,"column":345}},"66":{"start":{"line":16,"column":307},"end":{"line":16,"column":341}},"67":{"start":{"line":16,"column":345},"end":{"line":16,"column":446}},"68":{"start":{"line":16,"column":420},"end":{"line":16,"column":442}},"69":{"start":{"line":16,"column":446},"end":{"line":16,"column":547}},"70":{"start":{"line":16,"column":521},"end":{"line":16,"column":543}},"71":{"start":{"line":16,"column":547},"end":{"line":16,"column":650}},"72":{"start":{"line":16,"column":623},"end":{"line":16,"column":646}},"73":{"start":{"line":16,"column":650},"end":{"line":16,"column":745}},"74":{"start":{"line":16,"column":722},"end":{"line":16,"column":741}},"75":{"start":{"line":16,"column":745},"end":{"line":17,"column":14}},"76":{"start":{"line":16,"column":823},"end":{"line":17,"column":10}},"77":{"start":{"line":17,"column":14},"end":{"line":17,"column":113}},"78":{"start":{"line":17,"column":88},"end":{"line":17,"column":109}},"79":{"start":{"line":17,"column":113},"end":{"line":17,"column":212}},"80":{"start":{"line":17,"column":187},"end":{"line":17,"column":208}},"81":{"start":{"line":17,"column":212},"end":{"line":17,"column":317}},"82":{"start":{"line":17,"column":289},"end":{"line":17,"column":313}},"83":{"start":{"line":17,"column":317},"end":{"line":17,"column":416}},"84":{"start":{"line":17,"column":391},"end":{"line":17,"column":412}},"85":{"start":{"line":17,"column":416},"end":{"line":17,"column":527}},"86":{"start":{"line":17,"column":496},"end":{"line":17,"column":523}},"87":{"start":{"line":17,"column":527},"end":{"line":17,"column":634}},"88":{"start":{"line":17,"column":605},"end":{"line":17,"column":630}},"89":{"start":{"line":17,"column":634},"end":{"line":17,"column":717}},"90":{"start":{"line":17,"column":671},"end":{"line":17,"column":716}}},"branchMap":{"1":{"line":17,"type":"cond-expr","locations":[{"start":{"line":17,"column":698},"end":{"line":17,"column":701}},{"start":{"line":17,"column":702},"end":{"line":17,"column":715}}]},"2":{"line":17,"type":"binary-expr","locations":[{"start":{"line":17,"column":678},"end":{"line":17,"column":681}},{"start":{"line":17,"column":683},"end":{"line":17,"column":697}}]}},"code":["Object.defineProperty(exports,\"__esModule\",{value:true});var _victoryAnimation=require(\"./victory-animation/victory-animation\");Object.defineProperty(exports,\"VictoryAnimation\",{enumerable:true,get:function get(){return _interopRequireDefault(_victoryAnimation).default;}});var _victoryContainer=require(\"./victory-container/victory-container\");Object.defineProperty(exports,\"VictoryContainer\",{enumerable:true,get:function get(){return _interopRequireDefault(_victoryContainer).","default;}});var _victoryLabel=require(\"./victory-label/victory-label\");Object.defineProperty(exports,\"VictoryLabel\",{enumerable:true,get:function get(){return _interopRequireDefault(_victoryLabel).","default;}});var _victoryTransition=require(\"./victory-transition/victory-transition\");Object.defineProperty(exports,\"VictoryTransition\",{enumerable:true,get:function get(){return _interopRequireDefault(_victoryTransition).","default;}});var _victorySharedEvents=require(\"./victory-shared-events/victory-shared-events\");Object.defineProperty(exports,\"VictorySharedEvents\",{enumerable:true,get:function get(){return _interopRequireDefault(_victorySharedEvents).","default;}});var _victoryClipContainer=require(\"./victory-clip-container/victory-clip-container\");Object.defineProperty(exports,\"VictoryClipContainer\",{enumerable:true,get:function get(){return _interopRequireDefault(_victoryClipContainer).","default;}});var _victoryTheme=require(\"./victory-theme/victory-theme\");Object.defineProperty(exports,\"VictoryTheme\",{enumerable:true,get:function get(){return _interopRequireDefault(_victoryTheme).","default;}});var _victoryLegend=require(\"./victory-legend/victory-legend\");Object.defineProperty(exports,\"VictoryLegend\",{enumerable:true,get:function get(){return _interopRequireDefault(_victoryLegend).","default;}});var _victoryTooltip=require(\"./victory-tooltip/victory-tooltip\");Object.defineProperty(exports,\"VictoryTooltip\",{enumerable:true,get:function get(){return _interopRequireDefault(_victoryTooltip).","default;}});var _victoryPortal=require(\"./victory-portal/victory-portal\");Object.defineProperty(exports,\"VictoryPortal\",{enumerable:true,get:function get(){return _interopRequireDefault(_victoryPortal).","default;}});var _portal=require(\"./victory-portal/portal\");Object.defineProperty(exports,\"Portal\",{enumerable:true,get:function get(){return _interopRequireDefault(_portal).","default;}});var _index=require(\"./victory-primitives/index\");Object.defineProperty(exports,\"Area\",{enumerable:true,get:function get(){return _index.","","Area;}});Object.defineProperty(exports,\"Bar\",{enumerable:true,get:function get(){return _index.Bar;}});Object.defineProperty(exports,\"Candle\",{enumerable:true,get:function get(){return _index.Candle;}});Object.defineProperty(exports,\"ClipPath\",{enumerable:true,get:function get(){return _index.ClipPath;}});Object.defineProperty(exports,\"Curve\",{enumerable:true,get:function get(){return _index.Curve;}});Object.defineProperty(exports,\"ErrorBar\",{enumerable:true,get:function get(){return _index.ErrorBar;}});Object.defineProperty(exports,\"Line\",{enumerable:true,get:function get(){return _index.Line;}});Object.defineProperty(exports,\"Point\",{enumerable:true,get:function get(){return _index.Point;}});Object.defineProperty(exports,\"Slice\",{enumerable:true,get:function get(){return _index.Slice;}});Object.defineProperty(exports,\"Voronoi\",{enumerable:true,get:function get(){return _index.Voronoi;}});Object.defineProperty(exports,\"Flyout\",{enumerable:true,get:function get(){return _index.Flyout;}});var _index2=require(\"./victory-util/index\");Object.defineProperty(exports,\"addEvents\",{enumerable:true,get:function get(){return _index2.","","","addEvents;}});Object.defineProperty(exports,\"Collection\",{enumerable:true,get:function get(){return _index2.Collection;}});Object.defineProperty(exports,\"Data\",{enumerable:true,get:function get(){return _index2.Data;}});Object.defineProperty(exports,\"DefaultTransitions\",{enumerable:true,get:function get(){return _index2.DefaultTransitions;}});Object.defineProperty(exports,\"Domain\",{enumerable:true,get:function get(){return _index2.Domain;}});Object.defineProperty(exports,\"Events\",{enumerable:true,get:function get(){return _index2.Events;}});Object.defineProperty(exports,\"Helpers\",{enumerable:true,get:function get(){return _index2.Helpers;}});Object.defineProperty(exports,\"Log\",{enumerable:true,get:function get(){return _index2.Log;}});Object.defineProperty(exports,\"PropTypes\",{enumerable:true,get:function get(){return _index2.","PropTypes;}});Object.defineProperty(exports,\"Scale\",{enumerable:true,get:function get(){return _index2.Scale;}});Object.defineProperty(exports,\"Style\",{enumerable:true,get:function get(){return _index2.Style;}});Object.defineProperty(exports,\"TextSize\",{enumerable:true,get:function get(){return _index2.TextSize;}});Object.defineProperty(exports,\"Timer\",{enumerable:true,get:function get(){return _index2.Timer;}});Object.defineProperty(exports,\"Transitions\",{enumerable:true,get:function get(){return _index2.Transitions;}});Object.defineProperty(exports,\"Selection\",{enumerable:true,get:function get(){return _index2.Selection;}});function _interopRequireDefault(obj){return obj&&obj.__esModule?obj:{default:obj};}"],"l":{"1":2,"2":0,"3":0,"4":0,"5":0,"6":0,"7":0,"8":0,"9":0,"10":0,"11":0,"13":0,"16":0,"17":1}},"/home/travis/build/npmtest/node-npmtest-victory/node_modules/victory-core/lib/victory-animation/victory-animation.js":{"path":"/home/travis/build/npmtest/node-npmtest-victory/node_modules/victory-core/lib/victory-animation/victory-animation.js","s":{"1":2,"2":2,"3":1,"4":0,"5":0,"6":0,"7":0,"8":0,"9":0,"10":0,"11":2,"12":0,"13":0,"14":0,"15":0,"16":0,"17":2,"18":0,"19":0,"20":0,"21":0,"22":0,"23":0,"24":1,"25":0,"26":0,"27":0,"28":0,"29":0,"30":0,"31":0,"32":0,"33":0,"34":1,"35":0,"36":1,"37":0,"38":0,"39":0,"40":0,"41":0,"42":1,"43":0,"44":0,"45":1,"46":0,"47":0,"48":0,"49":1,"50":0,"51":0,"52":0,"53":0,"54":0,"55":0,"56":0,"57":1,"58":0,"59":0,"60":0,"61":0,"62":0,"63":0,"64":0,"65":0,"66":0,"67":0,"68":0,"69":0,"70":0,"71":0,"72":0,"73":0,"74":0,"75":0,"76":0,"77":0,"78":0,"79":0,"80":0,"81":0,"82":0,"83":0,"84":0,"85":0,"86":0,"87":0,"88":0,"89":0,"90":0,"91":0,"92":0,"93":0,"94":0,"95":0,"96":0,"97":0,"98":0,"99":0,"100":0,"101":0,"102":0,"103":0,"104":0,"105":0,"106":0,"107":0,"108":0,"109":0,"110":0,"111":0,"112":0,"113":0,"114":0},"b":{"1":[0,0],"2":[0,0],"3":[0,0],"4":[0,0],"5":[0,0],"6":[0,0],"7":[0,0],"8":[0,0],"9":[0,0],"10":[0,0],"11":[0,0],"12":[0,0],"13":[0,0],"14":[0,0],"15":[0,0,0],"16":[0,0],"17":[0,0],"18":[0,0],"19":[0,0],"20":[0,0],"21":[0,0],"22":[0,0],"23":[0,0],"24":[0,0],"25":[0,0],"26":[0,0],"27":[0,0],"28":[0,0],"29":[0,0],"30":[0,0],"31":[0,0],"32":[0,0],"33":[0,0],"34":[0,0],"35":[0,0],"36":[0,0]},"f":{"1":2,"2":0,"3":0,"4":0,"5":0,"6":0,"7":0,"8":0,"9":0,"10":0,"11":0,"12":0,"13":0,"14":0,"15":0,"16":0,"17":0,"18":0,"19":0,"20":0,"21":0},"fnMap":{"1":{"name":"(anonymous_1)","line":1,"loc":{"start":{"line":1,"column":74},"end":{"line":1,"column":84}}},"2":{"name":"defineProperties","line":1,"loc":{"start":{"line":1,"column":85},"end":{"line":1,"column":124}}},"3":{"name":"(anonymous_3)","line":1,"loc":{"start":{"line":1,"column":375},"end":{"line":1,"column":419}}},"4":{"name":"_interopRequireWildcard","line":4,"loc":{"start":{"line":4,"column":87},"end":{"line":4,"column":124}}},"5":{"name":"_interopRequireDefault","line":4,"loc":{"start":{"line":4,"column":321},"end":{"line":4,"column":357}}},"6":{"name":"_toConsumableArray","line":4,"loc":{"start":{"line":4,"column":404},"end":{"line":4,"column":436}}},"7":{"name":"_classCallCheck","line":4,"loc":{"start":{"line":4,"column":572},"end":{"line":4,
[...]
art":{"line":2,"column":0},"end":{"line":2,"column":31}},"20":{"start":{"line":2,"column":31},"end":{"line":2,"column":75}},"21":{"start":{"line":3,"column":0},"end":{"line":3,"column":28}},"22":{"start":{"line":4,"column":0},"end":{"line":4,"column":44}},"23":{"start":{"line":4,"column":44},"end":{"line":4,"column":87}},"24":{"start":{"line":4,"column":87},"end":{"line":4,"column":321}},"25":{"start":{"line":4,"column":125},"end":{"line":4,"column":320}},"26":{"start":{"line":4,"column":149},"end":{"line":4,"column":160}},"27":{"start":{"line":4,"column":166},"end":{"line":4,"column":180}},"28":{"start":{"line":4,"column":180},"end":{"line":4,"column":286}},"29":{"start":{"line":4,"column":194},"end":{"line":4,"column":285}},"30":{"start":{"line":4,"column":214},"end":{"line":4,"column":284}},"31":{"start":{"line":4,"column":263},"end":{"line":4,"column":284}},"32":{"start":{"line":4,"column":286},"end":{"line":4,"column":305}},"33":{"start":{"line":4,"column":305},"end":{"line":4,"column":319}},"34":{"start":{"line":4,"column":321},"end":{"line":4,"column":404}},"35":{"start":{"line":4,"column":358},"end":{"line":4,"column":403}},"36":{"start":{"line":4,"column":404},"end":{"line":4,"column":572}},"37":{"start":{"line":4,"column":437},"end":{"line":4,"column":571}},"38":{"start":{"line":4,"column":460},"end":{"line":4,"column":529}},"39":{"start":{"line":4,"column":513},"end":{"line":4,"column":528}},"40":{"start":{"line":4,"column":529},"end":{"line":4,"column":541}},"41":{"start":{"line":4,"column":547},"end":{"line":4,"column":570}},"42":{"start":{"line":4,"column":572},"end":{"line":4,"column":717}},"43":{"start":{"line":4,"column":619},"end":{"line":4,"column":716}},"44":{"start":{"line":4,"column":658},"end":{"line":4,"column":715}},"45":{"start":{"line":4,"column":717},"end":{"line":4,"column":936}},"46":{"start":{"line":4,"column":764},"end":{"line":4,"column":861}},"47":{"start":{"line":4,"column":774},"end":{"line":4,"column":860}},"48":{"start":{"line":4,"column":861},"end":{"line":4,"column":935}},"49":{"start":{"line":4,"column":936},"end":{"line":4,"column":1386}},"50":{"start":{"line":4,"column":976},"end":{"line":4,"column":1129}},"51":{"start":{"line":4,"column":1030},"end":{"line":4,"column":1128}},"52":{"start":{"line":4,"column":1129},"end":{"line":4,"column":1276}},"53":{"start":{"line":4,"column":1276},"end":{"line":4,"column":1385}},"54":{"start":{"line":4,"column":1290},"end":{"line":4,"column":1385}},"55":{"start":{"line":4,"column":1386},"end":{"line":180,"column":58}},"56":{"start":{"line":6,"column":44},"end":{"line":6,"column":89}},"57":{"start":{"line":43,"column":0},"end":{"line":65,"column":1}},"58":{"start":{"line":43,"column":33},"end":{"line":43,"column":72}},"59":{"start":{"line":43,"column":72},"end":{"line":44,"column":8}},"60":{"start":{"line":46,"column":0},"end":{"line":51,"column":18}},"61":{"start":{"line":54,"column":0},"end":{"line":54,"column":24}},"62":{"start":{"line":55,"column":0},"end":{"line":56,"column":29}},"63":{"start":{"line":58,"column":0},"end":{"line":58,"column":55}},"64":{"start":{"line":63,"column":0},"end":{"line":63,"column":74}},"65":{"start":{"line":64,"column":0},"end":{"line":64,"column":42}},"66":{"start":{"line":64,"column":42},"end":{"line":64,"column":55}},"67":{"start":{"line":65,"column":1},"end":{"line":180,"column":5}},"68":{"start":{"line":68,"column":0},"end":{"line":70,"column":1}},"69":{"start":{"line":69,"column":0},"end":{"line":69,"column":31}},"70":{"start":{"line":71,"column":0},"end":{"line":73,"column":1}},"71":{"start":{"line":72,"column":0},"end":{"line":72,"column":33}},"72":{"start":{"line":74,"column":0},"end":{"line":74,"column":18}},"73":{"start":{"line":79,"column":0},"end":{"line":81,"column":1}},"74":{"start":{"line":80,"column":0},"end":{"line":80,"column":21}},"75":{"start":{"line":87,"column":0},"end":{"line":87,"column":41}},"76":{"start":{"line":90,"column":0},"end":{"line":99,"column":1}},"77":{"start":{"line":93,"column":0},"end":{"line":93,"column":20}},"78":{"start":{"line":94,"column":0},"end":{"line":94,"column":32}},"79":{"start":{"line":96,"column":6},"end":{"line":96,"column":17}},"80":{"start":{"line":98,"column":0},"end":{"line":98,"column":74}},"81":{"start":{"line":101,"column":0},"end":{"line":101,"column":21}},"82":{"start":{"line":105,"column":0},"end":{"line":109,"column":1}},"83":{"start":{"line":106,"column":0},"end":{"line":106,"column":41}},"84":{"start":{"line":108,"column":0},"end":{"line":108,"column":23}},"85":{"start":{"line":114,"column":0},"end":{"line":114,"column":80}},"86":{"start":{"line":114,"column":38},"end":{"line":114,"column":78}},"87":{"start":{"line":115,"column":0},"end":{"line":115,"column":30}},"88":{"start":{"line":119,"column":1},"end":{"line":119,"column":17}},"89":{"start":{"line":120,"column":0},"end":{"line":139,"column":1}},"90":{"start":{"line":122,"column":0},"end":{"line":122,"column":23}},"91":{"start":{"line":124,"column":0},"end":{"line":124,"column":70}},"92":{"start":{"line":126,"column":0},"end":{"line":136,"column":1}},"93":{"start":{"line":127,"column":0},"end":{"line":131,"column":20}},"94":{"start":{"line":128,"column":0},"end":{"line":129,"column":55}},"95":{"start":{"line":133,"column":0},"end":{"line":134,"column":51}},"96":{"start":{"line":137,"column":6},"end":{"line":139,"column":1}},"97":{"start":{"line":138,"column":0},"end":{"line":138,"column":19}},"98":{"start":{"line":147,"column":0},"end":{"line":147,"column":59}},"99":{"start":{"line":148,"column":0},"end":{"line":148,"column":37}},"100":{"start":{"line":149,"column":0},"end":{"line":163,"column":1}},"101":{"start":{"line":150,"column":0},"end":{"line":154,"column":19}},"102":{"start":{"line":157,"column":0},"end":{"line":159,"column":1}},"103":{"start":{"line":158,"column":0},"end":{"line":158,"column":41}},"104":{"start":{"line":160,"column":0},"end":{"line":160,"column":19}},"105":{"start":{"line":161,"column":0},"end":{"line":161,"column":21}},"106":{"start":{"line":162,"column":0},"end":{"line":162,"column":7}},"107":{"start":{"line":169,"column":0},"end":{"line":173,"column":20}},"108":{"start":{"line":179,"column":0},"end":{"line":179,"column":69}},"109":{"start":{"line":180,"column":5},"end":{"line":180,"column":29}},"110":{"start":{"line":180,"column":58},"end":{"line":180,"column":106}},"111":{"start":{"line":180,"column":106},"end":{"line":180,"column":856}},"112":{"start":{"line":180,"column":856},"end":{"line":180,"column":937}},"113":{"start":{"line":180,"column":937},"end":{"line":180,"column":1009}},"114":{"start":{"line":180,"column":1009},"end":{"line":180,"column":1042}}},"branchMap":{"1":{"line":1,"type":"binary-expr","locations":[{"start":{"line":1,"column":203},"end":{"line":1,"column":224}},{"start":{"line":1,"column":226},"end":{"line":1,"column":231}}]},"2":{"line":1,"type":"if","locations":[{"start":{"line":1,"column":261},"end":{"line":1,"column":261}},{"start":{"line":1,"column":261},"end":{"line":1,"column":261}}]},"3":{"line":1,"type":"if","locations":[{"start":{"line":1,"column":420},"end":{"line":1,"column":420}},{"start":{"line":1,"column":420},"end":{"line":1,"column":420}}]},"4":{"line":1,"type":"if","locations":[{"start":{"line":1,"column":485},"end":{"line":1,"column":485}},{"start":{"line":1,"column":485},"end":{"line":1,"column":485}}]},"5":{"line":4,"type":"if","locations":[{"start":{"line":4,"column":125},"end":{"line":4,"column":125}},{"start":{"line":4,"column":125},"end":{"line":4,"column":125}}]},"6":{"line":4,"type":"binary-expr","locations":[{"start":{"line":4,"column":128},"end":{"line":4,"column":131}},{"start":{"line":4,"column":133},"end":{"line":4,"column":147}}]},"7":{"line":4,"type":"if","locations":[{"start":{"line":4,"column":180},"end":{"line":4,"column":180}},{"start":{"line":4,"column":180},"end":{"line":4,"column":180}}]},"8":{"line":4,"type":"if","locations":[{"start":{"line":4,"column":214},"end":{"line":4,"column":214}},{"start":{"line":4,"column":214},"end":{"line":4,"column":214}}]},"9":{"line":4,"type":"cond-expr","locations":[{"start":{"line":4,"column":385},"end":{"line":4,"column":388}},{"start":{"line":4,"column":389},"end":{"line":4,"column":402}}]},"10":{"line":4,"type":"binary-expr","locations":[{"start":{"line":4,"column":365},"end":{"line":4,"column":368}},{"start":{"line":4,"column":370},"end":{"line":4,"column":384}}]},"11":{"line":4,"type":"if","locations":[{"start":{"line":4,"column":437},"end":{"line":4,"column":437}},{"start":{"line":4,"column":437},"end":{"line":4,"column":437}}]},"12":{"line":4,"type":"if","locations":[{"start":{"line":4,"column":619},"end":{"line":4,"column":619}},{"start":{"line":4,"column":619},"end":{"line":4,"column":619}}]},"13":{"line":4,"type":"if","locations":[{"start":{"line":4,"column":764},"end":{"line":4,"column":764}},{"start":{"line":4,"column":764},"end":{"line":4,"column":764}}]},"14":{"line":4,"type":"cond-expr","locations":[{"start":{"line":4,"column":925},"end":{"line":4,"column":929}},{"start":{"line":4,"column":930},"end":{"line":4,"column":934}}]},"15":{"line":4,"type":"binary-expr","locations":[{"start":{"line":4,"column":868},"end":{"line":4,"column":872}},{"start":{"line":4,"column":875},"end":{"line":4,"column":897}},{"start":{"line":4,"column":899},"end":{"line":4,"column":923}}]},"16":{"line":4,"type":"if","locations":[{"start":{"line":4,"column":976},"end":{"line":4,"column":976}},{"start":{"line":4,"column":976},"end":{"line":4,"column":976}}]},"17":{"line":4,"type":"binary-expr","locations":[{"start":{"line":4,"column":979},"end":{"line":4,"column":1009}},{"start":{"line":4,"column":1011},"end":{"line":4,"column":1028}}]},"18":{"line":4,"type":"binary-expr","locations":[{"start":{"line":4,"column":1162},"end":{"line":4,"column":1172}},{"start":{"line":4,"column":1174},"end":{"line":4,"column":1194}}]},"19":{"line":4,"type":"if","locations":[{"start":{"line":4,"column":1276},"end":{"line":4,"column":1276}},{"start":{"line":4,"column":1276},"end":{"line":4,"column":1276}}]},"20":{"line":4,"type":"cond-expr","locations":[{"start":{"line":4,"column":1312},"end":{"line":4,"column":1354}},{"start":{"line":4,"column":1355},"end":{"line":4,"column":1384}}]},"21":{"line":43,"type":"binary-expr","locations":[{"start":{"line":43,"column":115},"end":{"line":43,"column":141}},{"start":{"line":43,"column":143},"end":{"line":43,"column":182}}]},"22":{"line":47,"type":"cond-expr","locations":[{"start":{"line":48,"column":0},"end":{"line":48,"column":19}},{"start":{"line":48,"column":20},"end":{"line":48,"column":36}}]},"23":{"line":55,"type":"cond-expr","locations":[{"start":{"line":56,"column":0},"end":{"line":56,"column":25}},{"start":{"line":56,"column":26},"end":{"line":56,"column":28}}]},"24":{"line":68,"type":"if","locations":[{"start":{"line":68,"column":0},"end":{"line":68,"column":0}},{"start":{"line":68,"column":0},"end":{"line":68,"column":0}}]},"25":{"line":71,"type":"if","locations":[{"start":{"line":71,"column":0},"end":{"line":71,"column":0}},{"start":{"line":71,"column":0},"end":{"line":71,"column":0}}]},"26":{"line":79,"type":"if","locations":[{"start":{"line":79,"column":0},"end":{"line":79,"column":0}},{"start":{"line":79,"column":0},"end":{"line":79,"column":0}}]},"27":{"line":90,"type":"if","locations":[{"start":{"line":90,"column":0},"end":{"line":90,"column":0}},{"start":{"line":90,"column":0},"end":{"line":90,"column":0}}]},"28":{"line":105,"type":"if","locations":[{"start":{"line":105,"column":0},"end":{"line":105,"column":0}},{"start":{"line":105,"column":0},"end":{"line":105,"column":0}}]},"29":{"line":114,"type":"binary-expr","locations":[{"start":{"line":114,"column":45},"end":{"line":114,"column":46}},{"start":{"line":114,"column":48},"end":{"line":114,"column":77}}]},"30":{"line":120,"type":"if","locations":[{"start":{"line":120,"column":0},"end":{"line":120,"column":0}},{"start":{"line":120,"column":0},"end":{"line":120,"column":0}}]},"31":{"line":126,"type":"if","locations":[{"start":{"line":126,"column":0},"end":{"line":126,"column":0}},{"start":{"line":126,"column":0},"end":{"line":126,"column":0}}]},"32":{"line":137,"type":"if","locations":[{"start":{"line":137,"column":6},"end":{"line":137,"column":6}},{"start":{"line":137,"column":6},"end":{"line":137,"column":6}}]},"33":{"line":147,"type":"cond-expr","locations":[{"start":{"line":147,"column":30},"end":{"line":147,"column":38}},{"start":{"line":147,"column":39},"end":{"line":147,"column":58}}]},"34":{"line":148,"type":"cond-expr","locations":[{"start":{"line":148,"column":18},"end":{"line":148,"column":34}},{"start":{"line":148,"column":35},"end":{"line":148,"column":36}}]},"35":{"line":149,"type":"if","locations":[{"start":{"line":149,"column":0},"end":{"line":149,"column":0}},{"start":{"line":149,"column":0},"end":{"line":149,"column":0}}]},"36":{"line":157,"type":"if","locations":[{"start":{"line":157,"column":0},"end":{"line":157,"column":0}},{"start":{"line":157,"column":0},"end":{"line":157,"column":0}}]}},"code":["Object.defineProperty(exports,\"__esModule\",{value:true});var _createClass=function(){function defineProperties(target,props){for(var i=0;i<props.length;i++){var descriptor=props[i];descriptor.enumerable=descriptor.enumerable||false;descriptor.configurable=true;if(\"value\"in descriptor)descriptor.writable=true;Object.defineProperty(target,descriptor.key,descriptor);}}return function(Constructor,protoProps,staticProps){if(protoProps)defineProperties(Constructor.prototype,protoProps);if(staticProps)defineProperties(Constructor,staticProps);return Constructor;};}();var _react=require(\"react\");var _react2=_interopRequireDefault(_react);","var _d3Ease=require(\"d3-ease\");var d3Ease=_interopRequireWildcard(_d3Ease);","var _util=require(\"./util\");","var _timer=require(\"../victory-util/timer\");var _timer2=_interopRequireDefault(_timer);function _interopRequireWildcard(obj){if(obj&&obj.__esModule){return obj;}else{var newObj={};if(obj!=null){for(var key in obj){if(Object.prototype.hasOwnProperty.call(obj,key))newObj[key]=obj[key];}}newObj.default=obj;return newObj;}}function _interopRequireDefault(obj){return obj&&obj.__esModule?obj:{default:obj};}function _toConsumableArray(arr){if(Array.isArray(arr)){for(var i=0,arr2=Array(arr.length);i<arr.length;i++){arr2[i]=arr[i];}return arr2;}else{return Array.from(arr);}}function _classCallCheck(instance,Constructor){if(!(instance instanceof Constructor)){throw new TypeError(\"Cannot call a class as a function\");}}function _possibleConstructorReturn(self,call){if(!self){throw new ReferenceError(\"this hasn't been initialised - super() hasn't been called\");}return call&&(typeof call===\"object\"||typeof call===\"function\")?call:self;}function _inherits(subClass,superClass){if(typeof superClass!==\"function\"&&superClass!==null){throw new TypeError(\"Super expression must either be null or a function, not \"+typeof superClass);}subClass.prototype=Object.create(superClass&&superClass.prototype,{constructor:{value:subClass,enumerable:false,writable:true,configurable:true}});if(superClass)Object.setPrototypeOf?Object.setPrototypeOf(subClass,superClass):subClass.__proto__=superClass;}var","","VictoryAnimation=function(_React$Component){_inherits(VictoryAnimation,_React$Component);","","","","","","","","","","","","","","","","","","","","","","","","","","","","","","","","","","","","","function VictoryAnimation(props){_classCallCheck(this,VictoryAnimation);var _this=_possibleConstructorReturn(this,(VictoryAnimation.__proto__||Object.getPrototypeOf(VictoryAnimation)).call(this,","props));","","_this.state={","data:Array.isArray(_this.props.data)?","_this.props.data[0]:_this.props.data,","animationInfo:{","progress:0,","animating:false}};","","","_this.interpolator=null;","_this.queue=Array.isArray(_this.props.data)?","_this.props.data.slice(1):[];","","_this.ease=d3Ease[_this.toNewName(_this.props.easing)];","","","","","_this.functionToBeRunEachFrame=_this.functionToBeRunEachFrame.bind(_this);","_this.getTimer=_this.getTimer.bind(_this);return _this;","}_createClass(VictoryAnimation,[{key:\"getTimer\",value:function getTimer()","","{","if(this.context.getTimer){","return this.context.getTimer();","}","if(!this.timer){","this.timer=new _timer2.default();","}","return this.timer;","}},{key:\"componentDidMount\",value:function componentDidMount()","","{","","if(this.queue.length){","this.traverseQueue();","}","}},{key:\"componentWillReceiveProps\",value:function componentWillReceiveProps(","","","nextProps){","","this.getTimer().unsubscribe(this.loopID);","","","if(!Array.isArray(nextProps.data)){","","","this.queue.length=0;","this.queue.push(nextProps.data);","","}else{var _queue;","","(_queue=this.queue).push.apply(_queue,_toConsumableArray(nextProps.data));","}","","this.traverseQueue();","}},{key:\"componentWillUnmount\",value:function componentWillUnmount()","","{","if(this.loopID){","this.getTimer().unsubscribe(this.loopID);","}else{","this.getTimer().stop();","}","}},{key:\"toNewName\",value:function toNewName(","","ease){","","var capitalize=function capitalize(s){return s&&s[0].toUpperCase()+s.slice(1);};","return\"ease\"+capitalize(ease);","}},{key:\"traverseQueue\",value:function traverseQueue()","","","{var _this2=this;","if(this.queue.length){","","var data=this.queue[0];","","this.interpolator=(0,_util.victoryInterpolator)(this.state.data,data);","","if(this.props.delay){","setTimeout(function(){","_this2.loopID=_this2.getTimer().subscribe(","_this2.functionToBeRunEachFrame,_this2.props.duration);","","},this.props.delay);","}else{","this.loopID=this.getTimer().subscribe(","this.functionToBeRunEachFrame,this.props.duration);","","}","}else if(this.props.onEnd){","this.props.onEnd();","}","}},{key:\"functionToBeRunEachFrame\",value:function functionToBeRunEachFrame(","","elapsed,duration){","","","","","duration=duration!==undefined?duration:this.props.duration;","var step=duration?elapsed/duration:1;","if(step>=1){","this.setState({","data:this.interpolator(1),","animationInfo:{","progress:1,","animating:false}});","","","if(this.loopID){","this.getTimer().unsubscribe(this.loopID);","}","this.queue.shift();","this.traverseQueue();","return;","}","","","","","","this.setState({","data:this.interpolator(this.ease(step)),","animationInfo:{","progress:step,","animating:step<1}});","","","}},{key:\"render\",value:function render()","","{","return this.props.children(this.state.data,this.state.animationInfo);","}}]);return VictoryAnimation;}(_react2.default.Component);VictoryAnimation.displayName=\"VictoryAnimation\";VictoryAnimation.propTypes={children:_react2.default.PropTypes.func,duration:_react2.default.PropTypes.number,easing:_react2.default.PropTypes.oneOf([\"back\",\"backIn\",\"backOut\",\"backInOut\",\"bounce\",\"bounceIn\",\"bounceOut\",\"bounceInOut\",\"circle\",\"circleIn\",\"circleOut\",\"circleInOut\",\"linear\",\"linearIn\",\"linearOut\",\"linearInOut\",\"cubic\",\"cubicIn\",\"cubicOut\",\"cubicInOut\",\"elastic\",\"elasticIn\",\"elasticOut\",\"elasticInOut\",\"exp\",\"expIn\",\"expOut\",\"expInOut\",\"poly\",\"polyIn\",\"polyOut\",\"polyInOut\",\"quad\",\"quadIn\",\"quadOut\",\"quadInOut\",\"sin\",\"sinIn\",\"sinOut\",\"sinInOut\"]),delay:_react2.default.PropTypes.number,onEnd:_react2.default.PropTypes.func,data:_react2.default.PropTypes.oneOfType([_react2.default.PropTypes.object,_react2.default.PropTypes.array])};VictoryAnimation.defaultProps={duration:1000,easing:\"quadInOut\",delay:0,data:{}};VictoryAnimation.contextTypes={getTimer:_react2.default.PropTypes.func};exports.default=VictoryAnimation;"],"l":{"1":2,"2":0,"3":0,"4":1,"6":0,"43":1,"46":0,"54":0,"55":0,"58":0,"63":0,"64":0,"65":0,"68":0,"69":0,"71":0,"72":0,"74":0,"79":0,"80":0,"87":0,"90":0,"93":0,"94":0,"96":0,"98":0,"101":0,"105":0,"106":0,"108":0,"114":0,"115":0,"119":0,"120":0,"122":0,"124":0,"126":0,"127":0,"128":0,"133":0,"137":0,"138":0,"147":0,"148":0,"149":0,"150":0,"157":0,"158":0,"160":0,"161":0,"162":0,"169":0,"179":0,"180":0}}}